2025-08-29 03:25:58,630 - root - INFO - 创建目录: /home/runner/work/fish-etf/fish-etf/logs
2025-08-29 03:25:58,630 - root - INFO - 日志文件已配置: /home/runner/work/fish-etf/fish-etf/logs/etf_strategy.log
2025-08-29 03:25:58,630 - root - ERROR - 初始化目录失败: type object 'Config' has no attribute 'get_wecom_webhook'
2025-08-29 03:25:58,630 - root - INFO - 配置初始化完成
2025-08-29 03:25:59,752 - root - INFO - 日志文件已配置: /home/runner/work/fish-etf/fish-etf/logs/etf_strategy.log
2025-08-29 03:25:59,752 - root - ERROR - 初始化目录失败: type object 'Config' has no attribute 'get_wecom_webhook'
2025-08-29 03:25:59,752 - data_crawler.etf_list_manager - INFO - ETF列表管理器初始化完成
2025-08-29 03:25:59,755 - data_crawler.akshare_crawler - INFO - AkShare爬虫模块初始化完成
2025-08-29 03:25:59,757 - data_crawler.sina_crawler - INFO - 新浪爬虫模块初始化完成
2025-08-29 03:25:59,771 - root - INFO - 日志文件已配置: /home/runner/work/fish-etf/fish-etf/logs/etf_strategy.log
2025-08-29 03:25:59,771 - root - ERROR - 初始化目录失败: type object 'Config' has no attribute 'get_wecom_webhook'
2025-08-29 03:25:59,771 - data_crawler - INFO - 开始更新ETF列表
2025-08-29 03:25:59,771 - root - INFO - 日志文件已配置: /home/runner/work/fish-etf/fish-etf/logs/etf_strategy.log
2025-08-29 03:25:59,771 - root - ERROR - 初始化目录失败: type object 'Config' has no attribute 'get_wecom_webhook'
2025-08-29 03:25:59,771 - data_crawler.etf_list_manager - INFO - ℹ️ 无需更新，加载本地ETF列表
2025-08-29 03:25:59,775 - data_crawler - INFO - ETF列表更新成功，共9只ETF
2025-08-29 03:25:59,775 - data_crawler - INFO - 数据爬取模块初始化完成
2025-08-29 03:25:59,785 - strategy.arbitrage - INFO - 套利策略模块初始化完成
2025-08-29 03:25:59,788 - strategy.position - INFO - 仓位管理模块初始化完成
2025-08-29 03:25:59,788 - root - INFO - 日志文件已配置: /home/runner/work/fish-etf/fish-etf/logs/etf_strategy.log
2025-08-29 03:25:59,789 - root - ERROR - 初始化目录失败: type object 'Config' has no attribute 'get_wecom_webhook'
2025-08-29 03:25:59,789 - strategy - INFO - 策略模块初始化完成
2025-08-29 03:25:59,791 - wechat_push.push - INFO - 微信推送模块初始化完成
2025-08-29 03:25:59,791 - root - INFO - 日志文件已配置: /home/runner/work/fish-etf/fish-etf/logs/etf_strategy.log
2025-08-29 03:25:59,791 - __main__ - INFO - ===== 开始执行任务：update_etf_list =====
2025-08-29 03:25:59,791 - __main__ - INFO - 当前时间：2025-08-29 11:25:59（北京时间）
2025-08-29 03:25:59,791 - __main__ - INFO - 环境设置完成
2025-08-29 03:25:59,791 - __main__ - INFO - 开始更新全市场ETF列表
2025-08-29 03:25:59,792 - root - INFO - 日志文件已配置: /home/runner/work/fish-etf/fish-etf/logs/etf_strategy.log
2025-08-29 03:25:59,792 - root - ERROR - 初始化目录失败: type object 'Config' has no attribute 'get_wecom_webhook'
2025-08-29 03:25:59,792 - data_crawler.etf_list_manager - INFO - ℹ️ 无需更新，加载本地ETF列表
2025-08-29 03:25:59,794 - __main__ - INFO - ===== 任务执行结束：success =====
{
  "status": "success",
  "task": "update_etf_list",
  "message": "全市场ETF列表更新完成，共9只"
}
