2025-08-29 13:20:11,507 - root - INFO - 创建目录: /home/runner/work/fish-etf/fish-etf/logs
2025-08-29 13:20:11,507 - root - INFO - 日志文件已配置: /home/runner/work/fish-etf/fish-etf/logs/etf_strategy.log
2025-08-29 13:20:11,508 - root - INFO - 配置初始化完成
2025-08-29 13:20:11,508 - root - INFO - 检测到WECOM_WEBHOOK环境变量已设置
2025-08-29 13:20:13,180 - data_crawler.akshare_crawler - INFO - AkShare爬虫模块初始化完成
2025-08-29 13:20:13,182 - data_crawler.sina_crawler - INFO - 新浪爬虫模块初始化完成
2025-08-29 13:20:13,182 - root - INFO - 日志文件已配置: /home/runner/work/fish-etf/fish-etf/logs/etf_strategy.log
2025-08-29 13:20:13,182 - data_crawler - INFO - 开始更新ETF列表
2025-08-29 13:20:13,183 - data_crawler.etf_list_manager - INFO - ETF列表文件不存在或已过期，尝试从网络获取...
2025-08-29 13:20:13,183 - data_crawler.etf_list_manager - INFO - 尝试从AkShare获取ETF列表...
2025-08-29 13:20:13,183 - data_crawler.etf_list_manager - INFO - 尝试从AkShare获取ETF列表...
2025-08-29 13:20:13,183 - data_crawler.etf_list_manager - ERROR - ❌ AkShare接口错误: name 'ak' is not defined
2025-08-29 13:20:13,184 - data_crawler.etf_list_manager - WARNING - AkShare返回空的ETF列表
2025-08-29 13:20:13,184 - data_crawler.etf_list_manager - INFO - 尝试从新浪获取ETF列表...
2025-08-29 13:20:13,184 - data_crawler.etf_list_manager - INFO - 尝试从新浪获取ETF列表...
2025-08-29 13:20:14,508 - data_crawler.etf_list_manager - WARNING - 新浪接口返回的数据不是列表格式
2025-08-29 13:20:14,510 - data_crawler.etf_list_manager - WARNING - 新浪接口返回空的ETF列表
2025-08-29 13:20:14,510 - data_crawler.etf_list_manager - INFO - 尝试加载兜底ETF列表文件...
2025-08-29 13:20:14,516 - data_crawler.etf_list_manager - INFO - ✅ 兜底文件加载成功（520只ETF）
2025-08-29 13:20:14,518 - data_crawler - INFO - ETF列表更新成功，共520只ETF
2025-08-29 13:20:14,518 - data_crawler - INFO - 数据爬取模块初始化完成
2025-08-29 13:20:14,529 - strategy.arbitrage - INFO - 套利策略模块初始化完成
2025-08-29 13:20:14,532 - strategy.position - INFO - 仓位管理模块初始化完成
2025-08-29 13:20:14,532 - root - INFO - 日志文件已配置: /home/runner/work/fish-etf/fish-etf/logs/etf_strategy.log
2025-08-29 13:20:14,533 - strategy - INFO - 策略模块初始化完成
2025-08-29 13:20:14,535 - wechat_push.push - INFO - 微信推送模块初始化完成
2025-08-29 13:20:14,535 - root - INFO - 日志文件已配置: /home/runner/work/fish-etf/fish-etf/logs/etf_strategy.log
2025-08-29 13:20:14,535 - __main__ - INFO - ===== 开始执行任务：update_etf_list =====
2025-08-29 13:20:14,535 - __main__ - INFO - 当前时间：2025-08-29 21:20:14（北京时间）
2025-08-29 13:20:14,535 - __main__ - INFO - 环境设置完成
2025-08-29 13:20:14,535 - __main__ - INFO - 开始更新全市场ETF列表
2025-08-29 13:20:14,536 - data_crawler.etf_list_manager - INFO - ℹ️ 无需更新，加载本地ETF列表
2025-08-29 13:20:14,537 - __main__ - INFO - ===== 任务执行结束：success =====
AkShare版本: 1.17.42
['amac_fund_abs', 'amac_fund_account_info', 'amac_fund_info', 'amac_fund_sub_info', 'amac_person_fund_org_list', 'fund', 'fund_announcement_personnel_em', 'fund_aum_em', 'fund_aum_hist_em', 'fund_aum_trend_em', 'fund_balance_position_lg', 'fund_cf_em', 'fund_etf_category_sina', 'fund_etf_dividend_sina', 'fund_etf_fund_daily_em', 'fund_etf_fund_info_em', 'fund_etf_hist_em', 'fund_etf_hist_min_em', 'fund_etf_hist_sina', 'fund_etf_spot_em', 'fund_etf_spot_ths', 'fund_exchange_rank_em', 'fund_fee_em', 'fund_fh_em', 'fund_fh_rank_em', 'fund_financial_fund_daily_em', 'fund_financial_fund_info_em', 'fund_graded_fund_daily_em', 'fund_graded_fund_info_em', 'fund_hk_fund_hist_em', 'fund_hk_rank_em', 'fund_hold_structure_em', 'fund_individual_achievement_xq', 'fund_individual_analysis_xq', 'fund_individual_basic_info_xq', 'fund_individual_detail_hold_xq', 'fund_individual_detail_info_xq', 'fund_individual_profit_probability_xq', 'fund_info_index_em', 'fund_lcx_rank_em', 'fund_linghuo_position_lg', 'fund_lof_hist_em', 'fund_lof_hist_min_em', 'fund_lof_spot_em', 'fund_manager_em', 'fund_money_fund_daily_em', 'fund_money_fund_info_em', 'fund_money_rank_em', 'fund_name_em', 'fund_new_found_em', 'fund_open_fund_daily_em', 'fund_open_fund_info_em', 'fund_open_fund_rank_em', 'fund_portfolio_bond_hold_em', 'fund_portfolio_change_em', 'fund_portfolio_hold_em', 'fund_portfolio_industry_allocation_em', 'fund_purchase_em', 'fund_rating_all', 'fund_rating_ja', 'fund_rating_sh', 'fund_rating_zs', 'fund_report_asset_allocation_cninfo', 'fund_report_industry_allocation_cninfo', 'fund_report_stock_cninfo', 'fund_scale_change_em', 'fund_scale_close_sina', 'fund_scale_open_sina', 'fund_scale_structured_sina', 'fund_stock_position_lg', 'fund_value_estimation_em', 'get_qhkc_fund_bs', 'get_qhkc_fund_money_change', 'get_qhkc_fund_position', 'index_hist_fund_sw', 'index_option_100etf_min_qvix', 'index_option_100etf_qvix', 'index_option_300etf_min_qvix', 'index_option_300etf_qvix', 'index_option_500etf_min_qvix', 'index_option_500etf_qvix', 'index_option_50etf_min_qvix', 'index_option_50etf_qvix', 'index_realtime_fund_sw', 'stock_concept_fund_flow_hist', 'stock_fund_flow_big_deal', 'stock_fund_flow_concept', 'stock_fund_flow_individual', 'stock_fund_flow_industry', 'stock_fund_stock_holder', 'stock_fundamental', 'stock_hsgt_fund_flow_summary_em', 'stock_hsgt_fund_min_em', 'stock_individual_fund_flow', 'stock_individual_fund_flow_rank', 'stock_individual_fund_flow_rank_async', 'stock_main_fund_flow', 'stock_market_fund_flow', 'stock_report_fund_hold', 'stock_report_fund_hold_detail', 'stock_sector_fund_flow_hist', 'stock_sector_fund_flow_rank', 'stock_sector_fund_flow_summary']
ETF列表未过期(0天)，无需更新
{
  "status": "success",
  "task": "update_etf_list",
  "message": "全市场ETF列表更新完成，共520只"
}
