2025-08-30 19:06:49,220 - root - INFO - 创建目录: /home/runner/work/fish-etf/fish-etf/logs
2025-08-30 19:06:49,221 - root - INFO - 日志文件已配置: /home/runner/work/fish-etf/fish-etf/logs/etf_strategy.log
2025-08-30 19:06:49,221 - root - INFO - 配置初始化完成
2025-08-30 19:06:49,221 - root - INFO - 检测到WECOM_WEBHOOK环境变量已设置
2025-08-30 19:06:49,600 - root - INFO - 当前北京时间: 2025-08-30 19:06:49
2025-08-30 19:06:49,600 - root - INFO - 当前UTC时间: 2025-08-30 11:06:49
2025-08-30 19:06:49,600 - root - INFO - 北京时间时区: UTC+08:00
2025-08-30 19:06:49,600 - root - INFO - UTC时间时区: UTC
2025-08-30 19:06:49,600 - root - WARNING - 时区偏移不正确: 北京时间与UTC时间相差 -0.00 小时
2025-08-30 19:06:50,746 - data_crawler.akshare_crawler - INFO - AkShare版本: 1.17.44
2025-08-30 19:06:50,748 - data_crawler.sina_crawler - INFO - 新浪爬虫模块初始化完成
2025-08-30 19:06:50,748 - root - INFO - 日志文件已配置: /home/runner/work/fish-etf/fish-etf/logs/etf_strategy.log
2025-08-30 19:06:50,748 - data_crawler - INFO - 开始更新ETF列表
2025-08-30 19:06:50,748 - data_crawler.etf_list_manager - INFO - ℹ️ 无需更新，加载本地ETF列表
2025-08-30 19:06:50,751 - data_crawler - INFO - ETF列表更新成功，共322只ETF
2025-08-30 19:06:50,751 - data_crawler - INFO - 数据爬取模块初始化完成
2025-08-30 19:06:50,756 - root - INFO - 日志文件已配置: /home/runner/work/fish-etf/fish-etf/logs/etf_strategy.log
2025-08-30 19:06:50,757 - wechat_push.push - INFO - 微信推送模块初始化完成
2025-08-30 19:06:50,769 - root - INFO - 日志文件已配置: /home/runner/work/fish-etf/fish-etf/logs/etf_strategy.log
2025-08-30 19:06:50,769 - strategy.etf_scoring - INFO - ETF评分系统初始化完成
2025-08-30 19:06:50,769 - root - INFO - 日志文件已配置: /home/runner/work/fish-etf/fish-etf/logs/etf_strategy.log
2025-08-30 19:06:50,769 - strategy.arbitrage - INFO - 套利策略模块初始化完成
2025-08-30 19:06:50,775 - root - INFO - 日志文件已配置: /home/runner/work/fish-etf/fish-etf/logs/etf_strategy.log
2025-08-30 19:06:50,775 - strategy.position - INFO - 仓位管理模块初始化完成
2025-08-30 19:06:50,775 - root - INFO - 日志文件已配置: /home/runner/work/fish-etf/fish-etf/logs/etf_strategy.log
2025-08-30 19:06:50,775 - strategy - INFO - 策略模块初始化完成
2025-08-30 19:06:50,776 - root - INFO - 日志文件已配置: /home/runner/work/fish-etf/fish-etf/logs/etf_strategy.log
2025-08-30 19:06:50,776 - __main__ - INFO - ===== 开始执行任务：crawl_etf_daily =====
2025-08-30 19:06:50,776 - __main__ - INFO - UTC时间：2025-08-30 11:06:50
2025-08-30 19:06:50,776 - __main__ - INFO - 北京时间：2025-08-30 19:06:50
2025-08-30 19:06:50,776 - __main__ - INFO - 开始设置运行环境 (UTC: 2025-08-30 11:06:50.776398+00:00, CST: 2025-08-30 19:06:50.776399+08:00)
2025-08-30 19:06:50,776 - __main__ - INFO - ETF列表有效
2025-08-30 19:06:50,776 - __main__ - INFO - 当前北京时间: 2025-08-30 19:06:50
2025-08-30 19:06:50,776 - __main__ - INFO - 环境设置完成
2025-08-30 19:06:50,776 - __main__ - INFO - 开始执行ETF日线数据增量爬取 (UTC: 2025-08-30 11:06:50.776809+00:00, CST: 2025-08-30 19:06:50.776810+08:00)
2025-08-30 19:06:50,776 - data_crawler - INFO - ===== 开始执行任务：crawl_etf_daily =====
2025-08-30 19:06:50,777 - data_crawler - INFO - 当前时间：2025-08-30 19:06:50（北京时间）
2025-08-30 19:06:50,777 - root - INFO - 日志文件已配置: /home/runner/work/fish-etf/fish-etf/logs/etf_strategy.log
2025-08-30 19:06:50,777 - data_crawler - INFO - ✅ 确保目录存在: /home/runner/work/fish-etf/fish-etf/data
2025-08-30 19:06:50,777 - data_crawler.etf_list_manager - INFO - ℹ️ 无需更新，加载本地ETF列表
2025-08-30 19:06:50,782 - data_crawler.etf_list_manager - INFO - 📊 有效ETF代码数量: 322
2025-08-30 19:06:50,783 - data_crawler - INFO - 待爬取ETF总数：322只
2025-08-30 19:06:50,783 - data_crawler - INFO - 共分为 7 个批次，每批 50 只ETF
2025-08-30 19:06:50,783 - data_crawler - INFO - ==============================
2025-08-30 19:06:50,783 - data_crawler - INFO - 正在处理批次 1/7
2025-08-30 19:06:50,783 - data_crawler - INFO - ETF范围：1-50只（共50只）
2025-08-30 19:06:50,783 - data_crawler - INFO - ==============================
2025-08-30 19:06:50,783 - data_crawler - INFO - --- 批次1 - 第1只 / 共50只 ---
2025-08-30 19:06:50,784 - data_crawler - INFO - ETF代码：510300 | 名称：沪深300ETF
2025-08-30 19:06:50,855 - data_crawler - INFO - 📅 无新数据需要爬取（上次爬取至2025-09-01）
2025-08-30 19:06:50,855 - data_crawler - INFO - --- 批次1 - 第2只 / 共50只 ---
2025-08-30 19:06:50,856 - data_crawler - INFO - ETF代码：510310 | 名称：沪深300ETF易方达
2025-08-30 19:06:50,923 - data_crawler - INFO - 📅 无新数据需要爬取（上次爬取至2025-09-01）
2025-08-30 19:06:50,923 - data_crawler - INFO - --- 批次1 - 第3只 / 共50只 ---
2025-08-30 19:06:50,924 - data_crawler - INFO - ETF代码：510330 | 名称：沪深300ETF华夏
2025-08-30 19:06:50,992 - data_crawler - INFO - 📅 无新数据需要爬取（上次爬取至2025-09-01）
2025-08-30 19:06:50,992 - data_crawler - INFO - --- 批次1 - 第4只 / 共50只 ---
2025-08-30 19:06:50,993 - data_crawler - INFO - ETF代码：159919 | 名称：沪深300ETF
2025-08-30 19:06:51,060 - data_crawler - INFO - 📅 无新数据需要爬取（上次爬取至2025-09-01）
2025-08-30 19:06:51,060 - data_crawler - INFO - --- 批次1 - 第5只 / 共50只 ---
2025-08-30 19:06:51,061 - data_crawler - INFO - ETF代码：510050 | 名称：上证50ETF
2025-08-30 19:06:51,130 - data_crawler - INFO - 📅 无新数据需要爬取（上次爬取至2025-09-01）
2025-08-30 19:06:51,130 - data_crawler - INFO - --- 批次1 - 第6只 / 共50只 ---
2025-08-30 19:06:51,131 - data_crawler - INFO - ETF代码：510500 | 名称：中证500ETF
2025-08-30 19:06:51,198 - data_crawler - INFO - 📅 无新数据需要爬取（上次爬取至2025-09-01）
2025-08-30 19:06:51,198 - data_crawler - INFO - --- 批次1 - 第7只 / 共50只 ---
2025-08-30 19:06:51,199 - data_crawler - INFO - ETF代码：159915 | 名称：创业板ETF
2025-08-30 19:06:51,266 - data_crawler - INFO - 📅 无新数据需要爬取（上次爬取至2025-09-01）
2025-08-30 19:06:51,266 - data_crawler - INFO - --- 批次1 - 第8只 / 共50只 ---
2025-08-30 19:06:51,267 - data_crawler - INFO - ETF代码：588000 | 名称：科创50ETF
2025-08-30 19:06:51,333 - data_crawler - INFO - 📅 无新数据需要爬取（上次爬取至2025-09-01）
2025-08-30 19:06:51,333 - data_crawler - INFO - --- 批次1 - 第9只 / 共50只 ---
2025-08-30 19:06:51,334 - data_crawler - INFO - ETF代码：512100 | 名称：中证1000ETF
2025-08-30 19:06:51,401 - data_crawler - INFO - 📅 无新数据需要爬取（上次爬取至2025-09-01）
2025-08-30 19:06:51,402 - data_crawler - INFO - --- 批次1 - 第10只 / 共50只 ---
2025-08-30 19:06:51,403 - data_crawler - INFO - ETF代码：588080 | 名称：科创板50ETF
2025-08-30 19:06:51,468 - data_crawler - INFO - 📅 无新数据需要爬取（上次爬取至2025-09-01）
2025-08-30 19:06:51,468 - data_crawler - INFO - --- 批次1 - 第11只 / 共50只 ---
2025-08-30 19:06:51,469 - data_crawler - INFO - ETF代码：159792 | 名称：港股通互联网ETF
2025-08-30 19:06:51,534 - data_crawler - INFO - 📅 无新数据需要爬取（上次爬取至2025-09-01）
2025-08-30 19:06:51,534 - data_crawler - INFO - --- 批次1 - 第12只 / 共50只 ---
2025-08-30 19:06:51,536 - data_crawler - INFO - ETF代码：511990 | 名称：华宝添益ETF
2025-08-30 19:06:51,602 - data_crawler - INFO - 📅 无新数据需要爬取（上次爬取至2025-09-01）
2025-08-30 19:06:51,603 - data_crawler - INFO - --- 批次1 - 第13只 / 共50只 ---
2025-08-30 19:06:51,604 - data_crawler - INFO - ETF代码：511880 | 名称：银华日利ETF
2025-08-30 19:06:51,671 - data_crawler - INFO - 📅 无新数据需要爬取（上次爬取至2025-09-01）
2025-08-30 19:06:51,671 - data_crawler - INFO - --- 批次1 - 第14只 / 共50只 ---
2025-08-30 19:06:51,672 - data_crawler - INFO - ETF代码：518880 | 名称：黄金ETF
2025-08-30 19:06:51,739 - data_crawler - INFO - 📅 无新数据需要爬取（上次爬取至2025-09-01）
2025-08-30 19:06:51,739 - data_crawler - INFO - --- 批次1 - 第15只 / 共50只 ---
2025-08-30 19:06:51,740 - data_crawler - INFO - ETF代码：159845 | 名称：中证1000ETF
2025-08-30 19:06:51,806 - data_crawler - INFO - 📅 无新数据需要爬取（上次爬取至2025-09-01）
2025-08-30 19:06:51,806 - data_crawler - INFO - --- 批次1 - 第16只 / 共50只 ---
2025-08-30 19:06:51,807 - data_crawler - INFO - ETF代码：512880 | 名称：证券ETF
2025-08-30 19:06:51,874 - data_crawler - INFO - 📅 无新数据需要爬取（上次爬取至2025-09-01）
2025-08-30 19:06:51,874 - data_crawler - INFO - --- 批次1 - 第17只 / 共50只 ---
2025-08-30 19:06:51,876 - data_crawler - INFO - ETF代码：513180 | 名称：恒生科技指数ETF
2025-08-30 19:06:51,941 - data_crawler - INFO - 📅 无新数据需要爬取（上次爬取至2025-09-01）
2025-08-30 19:06:51,942 - data_crawler - INFO - --- 批次1 - 第18只 / 共50只 ---
2025-08-30 19:06:51,943 - data_crawler - INFO - ETF代码：588200 | 名称：科创芯片ETF
2025-08-30 19:06:52,007 - data_crawler - INFO - 📅 无新数据需要爬取（上次爬取至2025-09-01）
2025-08-30 19:06:52,007 - data_crawler - INFO - --- 批次1 - 第19只 / 共50只 ---
2025-08-30 19:06:52,008 - data_crawler - INFO - ETF代码：513130 | 名称：恒生科技ETF
2025-08-30 19:06:52,075 - data_crawler - INFO - 📅 无新数据需要爬取（上次爬取至2025-09-01）
2025-08-30 19:06:52,075 - data_crawler - INFO - --- 批次1 - 第20只 / 共50只 ---
2025-08-30 19:06:52,077 - data_crawler - INFO - ETF代码：513050 | 名称：中概互联网ETF
2025-08-30 19:06:52,143 - data_crawler - INFO - 📅 无新数据需要爬取（上次爬取至2025-09-01）
2025-08-30 19:06:52,143 - data_crawler - INFO - --- 批次1 - 第21只 / 共50只 ---
2025-08-30 19:06:52,145 - data_crawler - INFO - ETF代码：560010 | 名称：中证1000ETF指数
2025-08-30 19:06:52,209 - data_crawler - INFO - 📅 无新数据需要爬取（上次爬取至2025-09-01）
2025-08-30 19:06:52,209 - data_crawler - INFO - --- 批次1 - 第22只 / 共50只 ---
2025-08-30 19:06:52,210 - data_crawler - INFO - ETF代码：512000 | 名称：券商ETF
2025-08-30 19:06:52,279 - data_crawler - INFO - 📅 无新数据需要爬取（上次爬取至2025-09-01）
2025-08-30 19:06:52,279 - data_crawler - INFO - --- 批次1 - 第23只 / 共50只 ---
2025-08-30 19:06:52,280 - data_crawler - INFO - ETF代码：159636 | 名称：港股通科技30ETF
2025-08-30 19:06:52,344 - data_crawler - INFO - 📅 无新数据需要爬取（上次爬取至2025-09-01）
2025-08-30 19:06:52,344 - data_crawler - INFO - --- 批次1 - 第24只 / 共50只 ---
2025-08-30 19:06:52,346 - data_crawler - INFO - ETF代码：513090 | 名称：香港证券ETF
2025-08-30 19:06:52,411 - data_crawler - INFO - 📅 无新数据需要爬取（上次爬取至2025-09-01）
2025-08-30 19:06:52,412 - data_crawler - INFO - --- 批次1 - 第25只 / 共50只 ---
2025-08-30 19:06:52,413 - data_crawler - INFO - ETF代码：159937 | 名称：黄金ETF基金
2025-08-30 19:06:52,480 - data_crawler - INFO - 📅 无新数据需要爬取（上次爬取至2025-09-01）
2025-08-30 19:06:52,480 - data_crawler - INFO - --- 批次1 - 第26只 / 共50只 ---
2025-08-30 19:06:52,481 - data_crawler - INFO - ETF代码：159995 | 名称：芯片ETF
2025-08-30 19:06:52,546 - data_crawler - INFO - 📅 无新数据需要爬取（上次爬取至2025-09-01）
2025-08-30 19:06:52,546 - data_crawler - INFO - --- 批次1 - 第27只 / 共50只 ---
2025-08-30 19:06:52,548 - data_crawler - INFO - ETF代码：513330 | 名称：恒生互联网ETF
2025-08-30 19:06:52,612 - data_crawler - INFO - 📅 无新数据需要爬取（上次爬取至2025-09-01）
2025-08-30 19:06:52,612 - data_crawler - INFO - --- 批次1 - 第28只 / 共50只 ---
2025-08-30 19:06:52,614 - data_crawler - INFO - ETF代码：159941 | 名称：纳指ETF
2025-08-30 19:06:52,681 - data_crawler - INFO - 📅 无新数据需要爬取（上次爬取至2025-09-01）
2025-08-30 19:06:52,681 - data_crawler - INFO - --- 批次1 - 第29只 / 共50只 ---
2025-08-30 19:06:52,683 - data_crawler - INFO - ETF代码：512170 | 名称：医疗ETF
2025-08-30 19:06:52,748 - data_crawler - INFO - 📅 无新数据需要爬取（上次爬取至2025-09-01）
2025-08-30 19:06:52,748 - data_crawler - INFO - --- 批次1 - 第30只 / 共50只 ---
2025-08-30 19:06:52,749 - data_crawler - INFO - ETF代码：159949 | 名称：创业板50ETF
2025-08-30 19:06:52,817 - data_crawler - INFO - 📅 无新数据需要爬取（上次爬取至2025-09-01）
2025-08-30 19:06:52,817 - data_crawler - INFO - --- 批次1 - 第31只 / 共50只 ---
2025-08-30 19:06:52,818 - data_crawler - INFO - ETF代码：512480 | 名称：半导体ETF
2025-08-30 19:06:52,884 - data_crawler - INFO - 📅 无新数据需要爬取（上次爬取至2025-09-01）
2025-08-30 19:06:52,884 - data_crawler - INFO - --- 批次1 - 第32只 / 共50只 ---
2025-08-30 19:06:52,885 - data_crawler - INFO - ETF代码：159934 | 名称：黄金ETF
2025-08-30 19:06:52,952 - data_crawler - INFO - 📅 无新数据需要爬取（上次爬取至2025-09-01）
2025-08-30 19:06:52,952 - data_crawler - INFO - --- 批次1 - 第33只 / 共50只 ---
2025-08-30 19:06:52,953 - data_crawler - INFO - ETF代码：159819 | 名称：人工智能ETF
2025-08-30 19:06:53,018 - data_crawler - INFO - 📅 无新数据需要爬取（上次爬取至2025-09-01）
2025-08-30 19:06:53,018 - data_crawler - INFO - --- 批次1 - 第34只 / 共50只 ---
2025-08-30 19:06:53,020 - data_crawler - INFO - ETF代码：510180 | 名称：上证180ETF
2025-08-30 19:06:53,088 - data_crawler - INFO - 📅 无新数据需要爬取（上次爬取至2025-09-01）
2025-08-30 19:06:53,088 - data_crawler - INFO - --- 批次1 - 第35只 / 共50只 ---
2025-08-30 19:06:53,089 - data_crawler - INFO - ETF代码：513500 | 名称：标普500ETF
2025-08-30 19:06:53,157 - data_crawler - INFO - 📅 无新数据需要爬取（上次爬取至2025-09-01）
2025-08-30 19:06:53,157 - data_crawler - INFO - --- 批次1 - 第36只 / 共50只 ---
2025-08-30 19:06:53,158 - data_crawler - INFO - ETF代码：513980 | 名称：港股科技50ETF
2025-08-30 19:06:53,223 - data_crawler - INFO - 📅 无新数据需要爬取（上次爬取至2025-09-01）
2025-08-30 19:06:53,223 - data_crawler - INFO - --- 批次1 - 第37只 / 共50只 ---
2025-08-30 19:06:53,225 - data_crawler - INFO - ETF代码：563360 | 名称：A500ETF华泰柏瑞
2025-08-30 19:06:53,289 - data_crawler - INFO - 📅 无新数据需要爬取（上次爬取至2025-09-01）
2025-08-30 19:06:53,289 - data_crawler - INFO - --- 批次1 - 第38只 / 共50只 ---
2025-08-30 19:06:53,290 - data_crawler - INFO - ETF代码：513750 | 名称：港股通非银ETF
2025-08-30 19:06:53,354 - data_crawler - INFO - 📅 无新数据需要爬取（上次爬取至2025-09-01）
2025-08-30 19:06:53,354 - data_crawler - INFO - --- 批次1 - 第39只 / 共50只 ---
2025-08-30 19:06:53,355 - data_crawler - INFO - ETF代码：512890 | 名称：红利低波ETF
2025-08-30 19:06:53,420 - data_crawler - INFO - 📅 无新数据需要爬取（上次爬取至2025-09-01）
2025-08-30 19:06:53,420 - data_crawler - INFO - --- 批次1 - 第40只 / 共50只 ---
2025-08-30 19:06:53,422 - data_crawler - INFO - ETF代码：513120 | 名称：港股创新药ETF
2025-08-30 19:06:53,486 - data_crawler - INFO - 📅 无新数据需要爬取（上次爬取至2025-09-01）
2025-08-30 19:06:53,486 - data_crawler - INFO - --- 批次1 - 第41只 / 共50只 ---
2025-08-30 19:06:53,487 - data_crawler - INFO - ETF代码：159361 | 名称：A500ETF易方达
2025-08-30 19:06:53,551 - data_crawler - INFO - 📅 无新数据需要爬取（上次爬取至2025-09-01）
2025-08-30 19:06:53,551 - data_crawler - INFO - --- 批次1 - 第42只 / 共50只 ---
2025-08-30 19:06:53,552 - data_crawler - INFO - ETF代码：512010 | 名称：医药ETF
2025-08-30 19:06:53,619 - data_crawler - INFO - 📅 无新数据需要爬取（上次爬取至2025-09-01）
2025-08-30 19:06:53,619 - data_crawler - INFO - --- 批次1 - 第43只 / 共50只 ---
2025-08-30 19:06:53,620 - data_crawler - INFO - ETF代码：159338 | 名称：中证A500ETF
2025-08-30 19:06:53,684 - data_crawler - INFO - 📅 无新数据需要爬取（上次爬取至2025-09-01）
2025-08-30 19:06:53,684 - data_crawler - INFO - --- 批次1 - 第44只 / 共50只 ---
2025-08-30 19:06:53,685 - data_crawler - INFO - ETF代码：159570 | 名称：港股通创新药ETF
2025-08-30 19:06:53,749 - data_crawler - INFO - 📅 无新数据需要爬取（上次爬取至2025-09-01）
2025-08-30 19:06:53,749 - data_crawler - INFO - --- 批次1 - 第45只 / 共50只 ---
2025-08-30 19:06:53,751 - data_crawler - INFO - ETF代码：512690 | 名称：酒ETF
2025-08-30 19:06:53,817 - data_crawler - INFO - 📅 无新数据需要爬取（上次爬取至2025-09-01）
2025-08-30 19:06:53,817 - data_crawler - INFO - --- 批次1 - 第46只 / 共50只 ---
2025-08-30 19:06:53,818 - data_crawler - INFO - ETF代码：159352 | 名称：A500ETF南方
2025-08-30 19:06:53,882 - data_crawler - INFO - 📅 无新数据需要爬取（上次爬取至2025-09-01）
2025-08-30 19:06:53,882 - data_crawler - INFO - --- 批次1 - 第47只 / 共50只 ---
2025-08-30 19:06:53,883 - data_crawler - INFO - ETF代码：510880 | 名称：红利ETF
2025-08-30 19:06:53,951 - data_crawler - INFO - 📅 无新数据需要爬取（上次爬取至2025-09-01）
2025-08-30 19:06:53,951 - data_crawler - INFO - --- 批次1 - 第48只 / 共50只 ---
2025-08-30 19:06:53,952 - data_crawler - INFO - ETF代码：159928 | 名称：消费ETF
2025-08-30 19:06:54,018 - data_crawler - INFO - 📅 无新数据需要爬取（上次爬取至2025-09-01）
2025-08-30 19:06:54,018 - data_crawler - INFO - --- 批次1 - 第49只 / 共50只 ---
2025-08-30 19:06:54,020 - data_crawler - INFO - ETF代码：518800 | 名称：黄金基金ETF
2025-08-30 19:06:54,087 - data_crawler - INFO - 📅 无新数据需要爬取（上次爬取至2025-09-01）
2025-08-30 19:06:54,087 - data_crawler - INFO - --- 批次1 - 第50只 / 共50只 ---
2025-08-30 19:06:54,088 - data_crawler - INFO - ETF代码：563800 | 名称：A500ETF龙头
2025-08-30 19:06:54,152 - data_crawler - INFO - 📅 无新数据需要爬取（上次爬取至2025-09-01）
2025-08-30 19:06:54,152 - data_crawler - INFO - 批次1处理完成，休眠10秒后继续...
2025-08-30 19:07:04,162 - data_crawler - INFO - ==============================
2025-08-30 19:07:04,162 - data_crawler - INFO - 正在处理批次 2/7
2025-08-30 19:07:04,162 - data_crawler - INFO - ETF范围：51-100只（共50只）
2025-08-30 19:07:04,162 - data_crawler - INFO - ==============================
2025-08-30 19:07:04,162 - data_crawler - INFO - --- 批次2 - 第1只 / 共50只 ---
2025-08-30 19:07:04,164 - data_crawler - INFO - ETF代码：512050 | 名称：A500ETF基金
2025-08-30 19:07:04,228 - data_crawler - INFO - 📅 无新数据需要爬取（上次爬取至2025-09-01）
2025-08-30 19:07:04,228 - data_crawler - INFO - --- 批次2 - 第2只 / 共50只 ---
2025-08-30 19:07:04,229 - data_crawler - INFO - ETF代码：512500 | 名称：中证500ETF华夏
2025-08-30 19:07:04,296 - data_crawler - INFO - 📅 无新数据需要爬取（上次爬取至2025-09-01）
2025-08-30 19:07:04,296 - data_crawler - INFO - --- 批次2 - 第3只 / 共50只 ---
2025-08-30 19:07:04,297 - data_crawler - INFO - ETF代码：562500 | 名称：机器人ETF
2025-08-30 19:07:04,362 - data_crawler - INFO - 📅 无新数据需要爬取（上次爬取至2025-09-01）
2025-08-30 19:07:04,362 - data_crawler - INFO - --- 批次2 - 第4只 / 共50只 ---
2025-08-30 19:07:04,364 - data_crawler - INFO - ETF代码：513100 | 名称：纳指ETF
2025-08-30 19:07:04,431 - data_crawler - INFO - 📅 无新数据需要爬取（上次爬取至2025-09-01）
2025-08-30 19:07:04,431 - data_crawler - INFO - --- 批次2 - 第5只 / 共50只 ---
2025-08-30 19:07:04,433 - data_crawler - INFO - ETF代码：159920 | 名称：恒生ETF
2025-08-30 19:07:04,499 - data_crawler - INFO - 📅 无新数据需要爬取（上次爬取至2025-09-01）
2025-08-30 19:07:04,500 - data_crawler - INFO - --- 批次2 - 第6只 / 共50只 ---
2025-08-30 19:07:04,501 - data_crawler - INFO - ETF代码：512660 | 名称：军工ETF
2025-08-30 19:07:04,569 - data_crawler - INFO - 📅 无新数据需要爬取（上次爬取至2025-09-01）
2025-08-30 19:07:04,569 - data_crawler - INFO - --- 批次2 - 第7只 / 共50只 ---
2025-08-30 19:07:04,570 - data_crawler - INFO - ETF代码：513010 | 名称：恒生科技ETF易方达
2025-08-30 19:07:04,635 - data_crawler - INFO - 📅 无新数据需要爬取（上次爬取至2025-09-01）
2025-08-30 19:07:04,636 - data_crawler - INFO - --- 批次2 - 第8只 / 共50只 ---
2025-08-30 19:07:04,637 - data_crawler - INFO - ETF代码：512710 | 名称：军工龙头ETF
2025-08-30 19:07:04,702 - data_crawler - INFO - 📅 无新数据需要爬取（上次爬取至2025-09-01）
2025-08-30 19:07:04,702 - data_crawler - INFO - --- 批次2 - 第9只 / 共50只 ---
2025-08-30 19:07:04,703 - data_crawler - INFO - ETF代码：515790 | 名称：光伏ETF
2025-08-30 19:07:04,768 - data_crawler - INFO - 📅 无新数据需要爬取（上次爬取至2025-09-01）
2025-08-30 19:07:04,769 - data_crawler - INFO - --- 批次2 - 第10只 / 共50只 ---
2025-08-30 19:07:04,770 - data_crawler - INFO - ETF代码：159952 | 名称：创业板ETF广发
2025-08-30 19:07:04,837 - data_crawler - INFO - 📅 无新数据需要爬取（上次爬取至2025-09-01）
2025-08-30 19:07:04,837 - data_crawler - INFO - --- 批次2 - 第11只 / 共50只 ---
2025-08-30 19:07:04,839 - data_crawler - INFO - ETF代码：512800 | 名称：银行ETF
2025-08-30 19:07:04,906 - data_crawler - INFO - 📅 无新数据需要爬取（上次爬取至2025-09-01）
2025-08-30 19:07:04,906 - data_crawler - INFO - --- 批次2 - 第12只 / 共50只 ---
2025-08-30 19:07:04,907 - data_crawler - INFO - ETF代码：515450 | 名称：红利低波50ETF
2025-08-30 19:07:04,972 - data_crawler - INFO - 📅 无新数据需要爬取（上次爬取至2025-09-01）
2025-08-30 19:07:04,972 - data_crawler - INFO - --- 批次2 - 第13只 / 共50只 ---
2025-08-30 19:07:04,974 - data_crawler - INFO - ETF代码：159629 | 名称：1000ETF
2025-08-30 19:07:05,038 - data_crawler - INFO - 📅 无新数据需要爬取（上次爬取至2025-09-01）
2025-08-30 19:07:05,038 - data_crawler - INFO - --- 批次2 - 第14只 / 共50只 ---
2025-08-30 19:07:05,039 - data_crawler - INFO - ETF代码：159351 | 名称：A500ETF嘉实
2025-08-30 19:07:05,103 - data_crawler - INFO - 📅 无新数据需要爬取（上次爬取至2025-09-01）
2025-08-30 19:07:05,103 - data_crawler - INFO - --- 批次2 - 第15只 / 共50只 ---
2025-08-30 19:07:05,104 - data_crawler - INFO - ETF代码：588050 | 名称：科创ETF
2025-08-30 19:07:05,170 - data_crawler - INFO - 📅 无新数据需要爬取（上次爬取至2025-09-01）
2025-08-30 19:07:05,170 - data_crawler - INFO - --- 批次2 - 第16只 / 共50只 ---
2025-08-30 19:07:05,171 - data_crawler - INFO - ETF代码：159922 | 名称：中证500ETF
2025-08-30 19:07:05,238 - data_crawler - INFO - 📅 无新数据需要爬取（上次爬取至2025-09-01）
2025-08-30 19:07:05,238 - data_crawler - INFO - --- 批次2 - 第17只 / 共50只 ---
2025-08-30 19:07:05,239 - data_crawler - INFO - ETF代码：159740 | 名称：恒生科技ETF
2025-08-30 19:07:05,304 - data_crawler - INFO - 📅 无新数据需要爬取（上次爬取至2025-09-01）
2025-08-30 19:07:05,304 - data_crawler - INFO - --- 批次2 - 第18只 / 共50只 ---
2025-08-30 19:07:05,305 - data_crawler - INFO - ETF代码：159851 | 名称：金融科技ETF
2025-08-30 19:07:05,370 - data_crawler - INFO - 📅 无新数据需要爬取（上次爬取至2025-09-01）
2025-08-30 19:07:05,370 - data_crawler - INFO - --- 批次2 - 第19只 / 共50只 ---
2025-08-30 19:07:05,372 - data_crawler - INFO - ETF代码：513630 | 名称：港股红利指数ETF
2025-08-30 19:07:05,435 - data_crawler - INFO - 📅 无新数据需要爬取（上次爬取至2025-09-01）
2025-08-30 19:07:05,436 - data_crawler - INFO - --- 批次2 - 第20只 / 共50只 ---
2025-08-30 19:07:05,437 - data_crawler - INFO - ETF代码：512760 | 名称：芯片ETF
2025-08-30 19:07:05,502 - data_crawler - INFO - 📅 无新数据需要爬取（上次爬取至2025-09-01）
2025-08-30 19:07:05,502 - data_crawler - INFO - --- 批次2 - 第21只 / 共50只 ---
2025-08-30 19:07:05,503 - data_crawler - INFO - ETF代码：159509 | 名称：纳指科技ETF
2025-08-30 19:07:05,568 - data_crawler - INFO - 📅 无新数据需要爬取（上次爬取至2025-09-01）
2025-08-30 19:07:05,568 - data_crawler - INFO - --- 批次2 - 第22只 / 共50只 ---
2025-08-30 19:07:05,569 - data_crawler - INFO - ETF代码：159870 | 名称：化工ETF
2025-08-30 19:07:05,635 - data_crawler - INFO - 📅 无新数据需要爬取（上次爬取至2025-09-01）
2025-08-30 19:07:05,636 - data_crawler - INFO - --- 批次2 - 第23只 / 共50只 ---
2025-08-30 19:07:05,637 - data_crawler - INFO - ETF代码：159992 | 名称：创新药ETF
2025-08-30 19:07:05,703 - data_crawler - INFO - 📅 无新数据需要爬取（上次爬取至2025-09-01）
2025-08-30 19:07:05,703 - data_crawler - INFO - --- 批次2 - 第24只 / 共50只 ---
2025-08-30 19:07:05,704 - data_crawler - INFO - ETF代码：512070 | 名称：证券保险ETF
2025-08-30 19:07:05,770 - data_crawler - INFO - 📅 无新数据需要爬取（上次爬取至2025-09-01）
2025-08-30 19:07:05,770 - data_crawler - INFO - --- 批次2 - 第25只 / 共50只 ---
2025-08-30 19:07:05,771 - data_crawler - INFO - ETF代码：159781 | 名称：科创创业ETF
2025-08-30 19:07:05,837 - data_crawler - INFO - 📅 无新数据需要爬取（上次爬取至2025-09-01）
2025-08-30 19:07:05,837 - data_crawler - INFO - --- 批次2 - 第26只 / 共50只 ---
2025-08-30 19:07:05,838 - data_crawler - INFO - ETF代码：563220 | 名称：中证A500ETF富国
2025-08-30 19:07:05,901 - data_crawler - INFO - 📅 无新数据需要爬取（上次爬取至2025-09-01）
2025-08-30 19:07:05,902 - data_crawler - INFO - --- 批次2 - 第27只 / 共50只 ---
2025-08-30 19:07:05,903 - data_crawler - INFO - ETF代码：513300 | 名称：纳斯达克ETF
2025-08-30 19:07:05,968 - data_crawler - INFO - 📅 无新数据需要爬取（上次爬取至2025-09-01）
2025-08-30 19:07:05,968 - data_crawler - INFO - --- 批次2 - 第28只 / 共50只 ---
2025-08-30 19:07:05,969 - data_crawler - INFO - ETF代码：515220 | 名称：煤炭ETF
2025-08-30 19:07:06,035 - data_crawler - INFO - 📅 无新数据需要爬取（上次爬取至2025-09-01）
2025-08-30 19:07:06,035 - data_crawler - INFO - --- 批次2 - 第29只 / 共50只 ---
2025-08-30 19:07:06,036 - data_crawler - INFO - ETF代码：159977 | 名称：创业板ETF天弘
2025-08-30 19:07:06,102 - data_crawler - INFO - 📅 无新数据需要爬取（上次爬取至2025-09-01）
2025-08-30 19:07:06,102 - data_crawler - INFO - --- 批次2 - 第30只 / 共50只 ---
2025-08-30 19:07:06,103 - data_crawler - INFO - ETF代码：511660 | 名称：货币ETF建信添益
2025-08-30 19:07:06,170 - data_crawler - INFO - 📅 无新数据需要爬取（上次爬取至2025-09-01）
2025-08-30 19:07:06,170 - data_crawler - INFO - --- 批次2 - 第31只 / 共50只 ---
2025-08-30 19:07:06,171 - data_crawler - INFO - ETF代码：159632 | 名称：纳斯达克ETF
2025-08-30 19:07:06,235 - data_crawler - INFO - 📅 无新数据需要爬取（上次爬取至2025-09-01）
2025-08-30 19:07:06,236 - data_crawler - INFO - --- 批次2 - 第32只 / 共50只 ---
2025-08-30 19:07:06,237 - data_crawler - INFO - ETF代码：588790 | 名称：科创AIETF
2025-08-30 19:07:06,301 - data_crawler - INFO - 📅 无新数据需要爬取（上次爬取至2025-09-01）
2025-08-30 19:07:06,301 - data_crawler - INFO - --- 批次2 - 第33只 / 共50只 ---
2025-08-30 19:07:06,302 - data_crawler - INFO - ETF代码：515180 | 名称：红利ETF易方达
2025-08-30 19:07:06,368 - data_crawler - INFO - 📅 无新数据需要爬取（上次爬取至2025-09-01）
2025-08-30 19:07:06,368 - data_crawler - INFO - --- 批次2 - 第34只 / 共50只 ---
2025-08-30 19:07:06,369 - data_crawler - INFO - ETF代码：510900 | 名称：H股ETF
2025-08-30 19:07:06,436 - data_crawler - INFO - 📅 无新数据需要爬取（上次爬取至2025-09-01）
2025-08-30 19:07:06,437 - data_crawler - INFO - --- 批次2 - 第35只 / 共50只 ---
2025-08-30 19:07:06,438 - data_crawler - INFO - ETF代码：512400 | 名称：有色金属ETF
2025-08-30 19:07:06,505 - data_crawler - INFO - 📅 无新数据需要爬取（上次爬取至2025-09-01）
2025-08-30 19:07:06,505 - data_crawler - INFO - --- 批次2 - 第36只 / 共50只 ---
2025-08-30 19:07:06,506 - data_crawler - INFO - ETF代码：515050 | 名称：5G通信ETF
2025-08-30 19:07:06,572 - data_crawler - INFO - 📅 无新数据需要爬取（上次爬取至2025-09-01）
2025-08-30 19:07:06,573 - data_crawler - INFO - --- 批次2 - 第37只 / 共50只 ---
2025-08-30 19:07:06,574 - data_crawler - INFO - ETF代码：513770 | 名称：港股互联网ETF
2025-08-30 19:07:06,641 - data_crawler - INFO - 📅 无新数据需要爬取（上次爬取至2025-09-01）
2025-08-30 19:07:06,641 - data_crawler - INFO - --- 批次2 - 第38只 / 共50只 ---
2025-08-30 19:07:06,642 - data_crawler - INFO - ETF代码：515880 | 名称：通信ETF
2025-08-30 19:07:06,708 - data_crawler - INFO - 📅 无新数据需要爬取（上次爬取至2025-09-01）
2025-08-30 19:07:06,708 - data_crawler - INFO - --- 批次2 - 第39只 / 共50只 ---
2025-08-30 19:07:06,709 - data_crawler - INFO - ETF代码：512680 | 名称：军工ETF龙头
2025-08-30 19:07:06,775 - data_crawler - INFO - 📅 无新数据需要爬取（上次爬取至2025-09-01）
2025-08-30 19:07:06,775 - data_crawler - INFO - --- 批次2 - 第40只 / 共50只 ---
2025-08-30 19:07:06,776 - data_crawler - INFO - ETF代码：515070 | 名称：人工智能AIETF
2025-08-30 19:07:06,841 - data_crawler - INFO - 📅 无新数据需要爬取（上次爬取至2025-09-01）
2025-08-30 19:07:06,841 - data_crawler - INFO - --- 批次2 - 第41只 / 共50只 ---
2025-08-30 19:07:06,843 - data_crawler - INFO - ETF代码：516150 | 名称：稀土ETF嘉实
2025-08-30 19:07:06,908 - data_crawler - INFO - 📅 无新数据需要爬取（上次爬取至2025-09-01）
2025-08-30 19:07:06,908 - data_crawler - INFO - --- 批次2 - 第42只 / 共50只 ---
2025-08-30 19:07:06,909 - data_crawler - INFO - ETF代码：159770 | 名称：机器人ETF
2025-08-30 19:07:06,974 - data_crawler - INFO - 📅 无新数据需要爬取（上次爬取至2025-09-01）
2025-08-30 19:07:06,974 - data_crawler - INFO - --- 批次2 - 第43只 / 共50只 ---
2025-08-30 19:07:06,975 - data_crawler - INFO - ETF代码：159353 | 名称：中证A500ETF景顺
2025-08-30 19:07:07,038 - data_crawler - INFO - 📅 无新数据需要爬取（上次爬取至2025-09-01）
2025-08-30 19:07:07,038 - data_crawler - INFO - --- 批次2 - 第44只 / 共50只 ---
2025-08-30 19:07:07,039 - data_crawler - INFO - ETF代码：159869 | 名称：游戏ETF
2025-08-30 19:07:07,106 - data_crawler - INFO - 📅 无新数据需要爬取（上次爬取至2025-09-01）
2025-08-30 19:07:07,106 - data_crawler - INFO - --- 批次2 - 第45只 / 共50只 ---
2025-08-30 19:07:07,107 - data_crawler - INFO - ETF代码：513060 | 名称：恒生医疗ETF
2025-08-30 19:07:07,173 - data_crawler - INFO - 📅 无新数据需要爬取（上次爬取至2025-09-01）
2025-08-30 19:07:07,173 - data_crawler - INFO - --- 批次2 - 第46只 / 共50只 ---
2025-08-30 19:07:07,174 - data_crawler - INFO - ETF代码：159901 | 名称：深证100ETF
2025-08-30 19:07:07,243 - data_crawler - INFO - 📅 无新数据需要爬取（上次爬取至2025-09-01）
2025-08-30 19:07:07,243 - data_crawler - INFO - --- 批次2 - 第47只 / 共50只 ---
2025-08-30 19:07:07,244 - data_crawler - INFO - ETF代码：159501 | 名称：纳指ETF嘉实
2025-08-30 19:07:07,309 - data_crawler - INFO - 📅 无新数据需要爬取（上次爬取至2025-09-01）
2025-08-30 19:07:07,309 - data_crawler - INFO - --- 批次2 - 第48只 / 共50只 ---
2025-08-30 19:07:07,310 - data_crawler - INFO - ETF代码：515080 | 名称：中证红利ETF
2025-08-30 19:07:07,376 - data_crawler - INFO - 📅 无新数据需要爬取（上次爬取至2025-09-01）
2025-08-30 19:07:07,376 - data_crawler - INFO - --- 批次2 - 第49只 / 共50只 ---
2025-08-30 19:07:07,377 - data_crawler - INFO - ETF代码：588030 | 名称：科创100指数ETF
2025-08-30 19:07:07,441 - data_crawler - INFO - 📅 无新数据需要爬取（上次爬取至2025-09-01）
2025-08-30 19:07:07,441 - data_crawler - INFO - --- 批次2 - 第50只 / 共50只 ---
2025-08-30 19:07:07,442 - data_crawler - INFO - ETF代码：513380 | 名称：恒生科技ETF龙头
2025-08-30 19:07:07,506 - data_crawler - INFO - 📅 无新数据需要爬取（上次爬取至2025-09-01）
2025-08-30 19:07:07,507 - data_crawler - INFO - 批次2处理完成，休眠10秒后继续...
2025-08-30 19:07:17,517 - data_crawler - INFO - ==============================
2025-08-30 19:07:17,517 - data_crawler - INFO - 正在处理批次 3/7
2025-08-30 19:07:17,517 - data_crawler - INFO - ETF范围：101-150只（共50只）
2025-08-30 19:07:17,517 - data_crawler - INFO - ==============================
2025-08-30 19:07:17,517 - data_crawler - INFO - --- 批次3 - 第1只 / 共50只 ---
2025-08-30 19:07:17,519 - data_crawler - INFO - ETF代码：512900 | 名称：证券ETF南方
2025-08-30 19:07:17,586 - data_crawler - INFO - 📅 无新数据需要爬取（上次爬取至2025-09-01）
2025-08-30 19:07:17,586 - data_crawler - INFO - --- 批次3 - 第2只 / 共50只 ---
2025-08-30 19:07:17,587 - data_crawler - INFO - ETF代码：588220 | 名称：科创100ETF基金
2025-08-30 19:07:17,651 - data_crawler - INFO - 📅 无新数据需要爬取（上次爬取至2025-09-01）
2025-08-30 19:07:17,651 - data_crawler - INFO - --- 批次3 - 第3只 / 共50只 ---
2025-08-30 19:07:17,652 - data_crawler - INFO - ETF代码：159841 | 名称：证券ETF
2025-08-30 19:07:17,717 - data_crawler - INFO - 📅 无新数据需要爬取（上次爬取至2025-09-01）
2025-08-30 19:07:17,717 - data_crawler - INFO - --- 批次3 - 第4只 / 共50只 ---
2025-08-30 19:07:17,719 - data_crawler - INFO - ETF代码：512200 | 名称：房地产ETF
2025-08-30 19:07:17,784 - data_crawler - INFO - 📅 无新数据需要爬取（上次爬取至2025-09-01）
2025-08-30 19:07:17,785 - data_crawler - INFO - --- 批次3 - 第5只 / 共50只 ---
2025-08-30 19:07:17,786 - data_crawler - INFO - ETF代码：588060 | 名称：科创50ETF龙头
2025-08-30 19:07:17,851 - data_crawler - INFO - 📅 无新数据需要爬取（上次爬取至2025-09-01）
2025-08-30 19:07:17,851 - data_crawler - INFO - --- 批次3 - 第6只 / 共50只 ---
2025-08-30 19:07:17,852 - data_crawler - INFO - ETF代码：159691 | 名称：港股红利ETF
2025-08-30 19:07:17,916 - data_crawler - INFO - 📅 无新数据需要爬取（上次爬取至2025-09-01）
2025-08-30 19:07:17,916 - data_crawler - INFO - --- 批次3 - 第7只 / 共50只 ---
2025-08-30 19:07:17,917 - data_crawler - INFO - ETF代码：512670 | 名称：国防ETF
2025-08-30 19:07:17,983 - data_crawler - INFO - 📅 无新数据需要爬取（上次爬取至2025-09-01）
2025-08-30 19:07:17,983 - data_crawler - INFO - --- 批次3 - 第8只 / 共50只 ---
2025-08-30 19:07:17,984 - data_crawler - INFO - ETF代码：159530 | 名称：机器人ETF易方达
2025-08-30 19:07:18,048 - data_crawler - INFO - 📅 无新数据需要爬取（上次爬取至2025-09-01）
2025-08-30 19:07:18,048 - data_crawler - INFO - --- 批次3 - 第9只 / 共50只 ---
2025-08-30 19:07:18,049 - data_crawler - INFO - ETF代码：515980 | 名称：人工智能ETF
2025-08-30 19:07:18,115 - data_crawler - INFO - 📅 无新数据需要爬取（上次爬取至2025-09-01）
2025-08-30 19:07:18,115 - data_crawler - INFO - --- 批次3 - 第10只 / 共50只 ---
2025-08-30 19:07:18,116 - data_crawler - INFO - ETF代码：159567 | 名称：港股创新药ETF
2025-08-30 19:07:18,180 - data_crawler - INFO - 📅 无新数据需要爬取（上次爬取至2025-09-01）
2025-08-30 19:07:18,180 - data_crawler - INFO - --- 批次3 - 第11只 / 共50只 ---
2025-08-30 19:07:18,182 - data_crawler - INFO - ETF代码：513260 | 名称：恒生科技ETF基金
2025-08-30 19:07:18,246 - data_crawler - INFO - 📅 无新数据需要爬取（上次爬取至2025-09-01）
2025-08-30 19:07:18,246 - data_crawler - INFO - --- 批次3 - 第12只 / 共50只 ---
2025-08-30 19:07:18,247 - data_crawler - INFO - ETF代码：560530 | 名称：中证A500ETF摩根
2025-08-30 19:07:18,311 - data_crawler - INFO - 📅 无新数据需要爬取（上次爬取至2025-09-01）
2025-08-30 19:07:18,311 - data_crawler - INFO - --- 批次3 - 第13只 / 共50只 ---
2025-08-30 19:07:18,312 - data_crawler - INFO - ETF代码：159593 | 名称：中证A50指数ETF
2025-08-30 19:07:18,377 - data_crawler - INFO - 📅 无新数据需要爬取（上次爬取至2025-09-01）
2025-08-30 19:07:18,377 - data_crawler - INFO - --- 批次3 - 第14只 / 共50只 ---
2025-08-30 19:07:18,378 - data_crawler - INFO - ETF代码：159513 | 名称：纳斯达克100指数ETF
2025-08-30 19:07:18,442 - data_crawler - INFO - 📅 无新数据需要爬取（上次爬取至2025-09-01）
2025-08-30 19:07:18,442 - data_crawler - INFO - --- 批次3 - 第15只 / 共50只 ---
2025-08-30 19:07:18,443 - data_crawler - INFO - ETF代码：560610 | 名称：A500指数ETF
2025-08-30 19:07:18,507 - data_crawler - INFO - 📅 无新数据需要爬取（上次爬取至2025-09-01）
2025-08-30 19:07:18,507 - data_crawler - INFO - --- 批次3 - 第16只 / 共50只 ---
2025-08-30 19:07:18,508 - data_crawler - INFO - ETF代码：588090 | 名称：科创板ETF
2025-08-30 19:07:18,574 - data_crawler - INFO - 📅 无新数据需要爬取（上次爬取至2025-09-01）
2025-08-30 19:07:18,574 - data_crawler - INFO - --- 批次3 - 第17只 / 共50只 ---
2025-08-30 19:07:18,576 - data_crawler - INFO - ETF代码：159659 | 名称：纳斯达克100ETF
2025-08-30 19:07:18,640 - data_crawler - INFO - 📅 无新数据需要爬取（上次爬取至2025-09-01）
2025-08-30 19:07:18,640 - data_crawler - INFO - --- 批次3 - 第18只 / 共50只 ---
2025-08-30 19:07:18,641 - data_crawler - INFO - ETF代码：515290 | 名称：银行ETF天弘
2025-08-30 19:07:18,710 - data_crawler - INFO - 📅 无新数据需要爬取（上次爬取至2025-09-01）
2025-08-30 19:07:18,710 - data_crawler - INFO - --- 批次3 - 第19只 / 共50只 ---
2025-08-30 19:07:18,711 - data_crawler - INFO - ETF代码：159852 | 名称：软件ETF
2025-08-30 19:07:18,776 - data_crawler - INFO - 📅 无新数据需要爬取（上次爬取至2025-09-01）
2025-08-30 19:07:18,776 - data_crawler - INFO - --- 批次3 - 第20只 / 共50只 ---
2025-08-30 19:07:18,777 - data_crawler - INFO - ETF代码：510360 | 名称：沪深300ETF基金
2025-08-30 19:07:18,844 - data_crawler - INFO - 📅 无新数据需要爬取（上次爬取至2025-09-01）
2025-08-30 19:07:18,844 - data_crawler - INFO - --- 批次3 - 第21只 / 共50只 ---
2025-08-30 19:07:18,845 - data_crawler - INFO - ETF代码：159892 | 名称：恒生医药ETF
2025-08-30 19:07:18,912 - data_crawler - INFO - 📅 无新数据需要爬取（上次爬取至2025-09-01）
2025-08-30 19:07:18,913 - data_crawler - INFO - --- 批次3 - 第22只 / 共50只 ---
2025-08-30 19:07:18,914 - data_crawler - INFO - ETF代码：159813 | 名称：半导体ETF
2025-08-30 19:07:18,979 - data_crawler - INFO - 📅 无新数据需要爬取（上次爬取至2025-09-01）
2025-08-30 19:07:18,979 - data_crawler - INFO - --- 批次3 - 第23只 / 共50只 ---
2025-08-30 19:07:18,980 - data_crawler - INFO - ETF代码：515800 | 名称：800ETF
2025-08-30 19:07:19,045 - data_crawler - INFO - 📅 无新数据需要爬取（上次爬取至2025-09-01）
2025-08-30 19:07:19,045 - data_crawler - INFO - --- 批次3 - 第24只 / 共50只 ---
2025-08-30 19:07:19,046 - data_crawler - INFO - ETF代码：159217 | 名称：港股通创新药ETF工银
2025-08-30 19:07:19,121 - data_crawler - INFO - 📅 无新数据需要爬取（上次爬取至2025-09-01）
2025-08-30 19:07:19,121 - data_crawler - INFO - --- 批次3 - 第25只 / 共50只 ---
2025-08-30 19:07:19,122 - data_crawler - INFO - ETF代码：159948 | 名称：创业板ETF南方
2025-08-30 19:07:19,189 - data_crawler - INFO - 📅 无新数据需要爬取（上次爬取至2025-09-01）
2025-08-30 19:07:19,189 - data_crawler - INFO - --- 批次3 - 第26只 / 共50只 ---
2025-08-30 19:07:19,190 - data_crawler - INFO - ETF代码：159755 | 名称：电池ETF
2025-08-30 19:07:19,274 - data_crawler - INFO - 📅 无新数据需要爬取（上次爬取至2025-09-01）
2025-08-30 19:07:19,275 - data_crawler - INFO - --- 批次3 - 第27只 / 共50只 ---
2025-08-30 19:07:19,276 - data_crawler - INFO - ETF代码：517520 | 名称：黄金股ETF
2025-08-30 19:07:19,340 - data_crawler - INFO - 📅 无新数据需要爬取（上次爬取至2025-09-01）
2025-08-30 19:07:19,340 - data_crawler - INFO - --- 批次3 - 第28只 / 共50只 ---
2025-08-30 19:07:19,342 - data_crawler - INFO - ETF代码：515120 | 名称：创新药ETF
2025-08-30 19:07:19,407 - data_crawler - INFO - 📅 无新数据需要爬取（上次爬取至2025-09-01）
2025-08-30 19:07:19,407 - data_crawler - INFO - --- 批次3 - 第29只 / 共50只 ---
2025-08-30 19:07:19,408 - data_crawler - INFO - ETF代码：159842 | 名称：券商ETF
2025-08-30 19:07:19,473 - data_crawler - INFO - 📅 无新数据需要爬取（上次爬取至2025-09-01）
2025-08-30 19:07:19,473 - data_crawler - INFO - --- 批次3 - 第30只 / 共50只 ---
2025-08-30 19:07:19,474 - data_crawler - INFO - ETF代码：510210 | 名称：上证指数ETF
2025-08-30 19:07:19,542 - data_crawler - INFO - 📅 无新数据需要爬取（上次爬取至2025-09-01）
2025-08-30 19:07:19,542 - data_crawler - INFO - --- 批次3 - 第31只 / 共50只 ---
2025-08-30 19:07:19,543 - data_crawler - INFO - ETF代码：515100 | 名称：红利低波100ETF
2025-08-30 19:07:19,608 - data_crawler - INFO - 📅 无新数据需要爬取（上次爬取至2025-09-01）
2025-08-30 19:07:19,608 - data_crawler - INFO - --- 批次3 - 第32只 / 共50只 ---
2025-08-30 19:07:19,609 - data_crawler - INFO - ETF代码：516160 | 名称：新能源ETF
2025-08-30 19:07:19,675 - data_crawler - INFO - 📅 无新数据需要爬取（上次爬取至2025-09-01）
2025-08-30 19:07:19,675 - data_crawler - INFO - --- 批次3 - 第33只 / 共50只 ---
2025-08-30 19:07:19,676 - data_crawler - INFO - ETF代码：159682 | 名称：创业50ETF
2025-08-30 19:07:19,740 - data_crawler - INFO - 📅 无新数据需要爬取（上次爬取至2025-09-01）
2025-08-30 19:07:19,740 - data_crawler - INFO - --- 批次3 - 第34只 / 共50只 ---
2025-08-30 19:07:19,741 - data_crawler - INFO - ETF代码：515300 | 名称：300红利低波ETF
2025-08-30 19:07:19,807 - data_crawler - INFO - 📅 无新数据需要爬取（上次爬取至2025-09-01）
2025-08-30 19:07:19,807 - data_crawler - INFO - --- 批次3 - 第35只 / 共50只 ---
2025-08-30 19:07:19,808 - data_crawler - INFO - ETF代码：515030 | 名称：新能源车ETF
2025-08-30 19:07:19,874 - data_crawler - INFO - 📅 无新数据需要爬取（上次爬取至2025-09-01）
2025-08-30 19:07:19,874 - data_crawler - INFO - --- 批次3 - 第36只 / 共50只 ---
2025-08-30 19:07:19,875 - data_crawler - INFO - ETF代码：159883 | 名称：医疗器械ETF
2025-08-30 19:07:19,940 - data_crawler - INFO - 📅 无新数据需要爬取（上次爬取至2025-09-01）
2025-08-30 19:07:19,940 - data_crawler - INFO - --- 批次3 - 第37只 / 共50只 ---
2025-08-30 19:07:19,942 - data_crawler - INFO - ETF代码：159780 | 名称：双创ETF
2025-08-30 19:07:20,007 - data_crawler - INFO - 📅 无新数据需要爬取（上次爬取至2025-09-01）
2025-08-30 19:07:20,007 - data_crawler - INFO - --- 批次3 - 第38只 / 共50只 ---
2025-08-30 19:07:20,008 - data_crawler - INFO - ETF代码：159783 | 名称：科创创业50ETF
2025-08-30 19:07:20,074 - data_crawler - INFO - 📅 无新数据需要爬取（上次爬取至2025-09-01）
2025-08-30 19:07:20,074 - data_crawler - INFO - --- 批次3 - 第39只 / 共50只 ---
2025-08-30 19:07:20,075 - data_crawler - INFO - ETF代码：159605 | 名称：中概互联ETF
2025-08-30 19:07:20,140 - data_crawler - INFO - 📅 无新数据需要爬取（上次爬取至2025-09-01）
2025-08-30 19:07:20,140 - data_crawler - INFO - --- 批次3 - 第40只 / 共50只 ---
2025-08-30 19:07:20,141 - data_crawler - INFO - ETF代码：510230 | 名称：金融ETF
2025-08-30 19:07:20,209 - data_crawler - INFO - 📅 无新数据需要爬取（上次爬取至2025-09-01）
2025-08-30 19:07:20,209 - data_crawler - INFO - --- 批次3 - 第41只 / 共50只 ---
2025-08-30 19:07:20,210 - data_crawler - INFO - ETF代码：510100 | 名称：上证50ETF易方达
2025-08-30 19:07:20,275 - data_crawler - INFO - 📅 无新数据需要爬取（上次爬取至2025-09-01）
2025-08-30 19:07:20,275 - data_crawler - INFO - --- 批次3 - 第42只 / 共50只 ---
2025-08-30 19:07:20,276 - data_crawler - INFO - ETF代码：513690 | 名称：港股红利ETF博时
2025-08-30 19:07:20,341 - data_crawler - INFO - 📅 无新数据需要爬取（上次爬取至2025-09-01）
2025-08-30 19:07:20,342 - data_crawler - INFO - --- 批次3 - 第43只 / 共50只 ---
2025-08-30 19:07:20,343 - data_crawler - INFO - ETF代码：518850 | 名称：黄金ETF华夏
2025-08-30 19:07:20,408 - data_crawler - INFO - 📅 无新数据需要爬取（上次爬取至2025-09-01）
2025-08-30 19:07:20,408 - data_crawler - INFO - --- 批次3 - 第44只 / 共50只 ---
2025-08-30 19:07:20,409 - data_crawler - INFO - ETF代码：159865 | 名称：养殖ETF
2025-08-30 19:07:20,474 - data_crawler - INFO - 📅 无新数据需要爬取（上次爬取至2025-09-01）
2025-08-30 19:07:20,474 - data_crawler - INFO - --- 批次3 - 第45只 / 共50只 ---
2025-08-30 19:07:20,475 - data_crawler - INFO - ETF代码：560050 | 名称：MSCI中国A50ETF
2025-08-30 19:07:20,540 - data_crawler - INFO - 📅 无新数据需要爬取（上次爬取至2025-09-01）
2025-08-30 19:07:20,540 - data_crawler - INFO - --- 批次3 - 第46只 / 共50只 ---
2025-08-30 19:07:20,541 - data_crawler - INFO - ETF代码：520990 | 名称：港股央企红利50ETF
2025-08-30 19:07:20,605 - data_crawler - INFO - 📅 无新数据需要爬取（上次爬取至2025-09-01）
2025-08-30 19:07:20,605 - data_crawler - INFO - --- 批次3 - 第47只 / 共50只 ---
2025-08-30 19:07:20,606 - data_crawler - INFO - ETF代码：513660 | 名称：恒生ETF
2025-08-30 19:07:20,674 - data_crawler - INFO - 📅 无新数据需要爬取（上次爬取至2025-09-01）
2025-08-30 19:07:20,674 - data_crawler - INFO - --- 批次3 - 第48只 / 共50只 ---
2025-08-30 19:07:20,676 - data_crawler - INFO - ETF代码：159201 | 名称：自由现金流ETF
2025-08-30 19:07:20,739 - data_crawler - INFO - 📅 无新数据需要爬取（上次爬取至2025-09-01）
2025-08-30 19:07:20,739 - data_crawler - INFO - --- 批次3 - 第49只 / 共50只 ---
2025-08-30 19:07:20,741 - data_crawler - INFO - ETF代码：159967 | 名称：创业板成长ETF
2025-08-30 19:07:20,806 - data_crawler - INFO - 📅 无新数据需要爬取（上次爬取至2025-09-01）
2025-08-30 19:07:20,806 - data_crawler - INFO - --- 批次3 - 第50只 / 共50只 ---
2025-08-30 19:07:20,807 - data_crawler - INFO - ETF代码：159545 | 名称：恒生红利低波ETF
2025-08-30 19:07:20,872 - data_crawler - INFO - 📅 无新数据需要爬取（上次爬取至2025-09-01）
2025-08-30 19:07:20,872 - data_crawler - INFO - 批次3处理完成，休眠10秒后继续...
2025-08-30 19:07:30,882 - data_crawler - INFO - ==============================
2025-08-30 19:07:30,882 - data_crawler - INFO - 正在处理批次 4/7
2025-08-30 19:07:30,882 - data_crawler - INFO - ETF范围：151-200只（共50只）
2025-08-30 19:07:30,882 - data_crawler - INFO - ==============================
2025-08-30 19:07:30,882 - data_crawler - INFO - --- 批次4 - 第1只 / 共50只 ---
2025-08-30 19:07:30,884 - data_crawler - INFO - ETF代码：563880 | 名称：中证A500指数ETF
2025-08-30 19:07:30,948 - data_crawler - INFO - 📅 无新数据需要爬取（上次爬取至2025-09-01）
2025-08-30 19:07:30,948 - data_crawler - INFO - --- 批次4 - 第2只 / 共50只 ---
2025-08-30 19:07:30,949 - data_crawler - INFO - ETF代码：515170 | 名称：食品饮料ETF
2025-08-30 19:07:31,014 - data_crawler - INFO - 📅 无新数据需要爬取（上次爬取至2025-09-01）
2025-08-30 19:07:31,014 - data_crawler - INFO - --- 批次4 - 第3只 / 共50只 ---
2025-08-30 19:07:31,015 - data_crawler - INFO - ETF代码：588190 | 名称：科创100ETF
2025-08-30 19:07:31,079 - data_crawler - INFO - 📅 无新数据需要爬取（上次爬取至2025-09-01）
2025-08-30 19:07:31,079 - data_crawler - INFO - --- 批次4 - 第4只 / 共50只 ---
2025-08-30 19:07:31,081 - data_crawler - INFO - ETF代码：159766 | 名称：旅游ETF
2025-08-30 19:07:31,146 - data_crawler - INFO - 📅 无新数据需要爬取（上次爬取至2025-09-01）
2025-08-30 19:07:31,146 - data_crawler - INFO - --- 批次4 - 第5只 / 共50只 ---
2025-08-30 19:07:31,147 - data_crawler - INFO - ETF代码：159363 | 名称：创业板人工智能ETF华宝
2025-08-30 19:07:31,211 - data_crawler - INFO - 📅 无新数据需要爬取（上次爬取至2025-09-01）
2025-08-30 19:07:31,211 - data_crawler - INFO - --- 批次4 - 第6只 / 共50只 ---
2025-08-30 19:07:31,212 - data_crawler - INFO - ETF代码：560510 | 名称：中证A500ETF
2025-08-30 19:07:31,275 - data_crawler - INFO - 📅 无新数据需要爬取（上次爬取至2025-09-01）
2025-08-30 19:07:31,276 - data_crawler - INFO - --- 批次4 - 第7只 / 共50只 ---
2025-08-30 19:07:31,277 - data_crawler - INFO - ETF代码：159611 | 名称：电力ETF
2025-08-30 19:07:31,341 - data_crawler - INFO - 📅 无新数据需要爬取（上次爬取至2025-09-01）
2025-08-30 19:07:31,341 - data_crawler - INFO - --- 批次4 - 第8只 / 共50只 ---
2025-08-30 19:07:31,342 - data_crawler - INFO - ETF代码：563000 | 名称：中国A50ETF
2025-08-30 19:07:31,407 - data_crawler - INFO - 📅 无新数据需要爬取（上次爬取至2025-09-01）
2025-08-30 19:07:31,407 - data_crawler - INFO - --- 批次4 - 第9只 / 共50只 ---
2025-08-30 19:07:31,408 - data_crawler - INFO - ETF代码：511160 | 名称：国债ETF东财
2025-08-30 19:07:31,471 - data_crawler - INFO - 📅 无新数据需要爬取（上次爬取至2025-09-01）
2025-08-30 19:07:31,471 - data_crawler - INFO - --- 批次4 - 第10只 / 共50只 ---
2025-08-30 19:07:31,472 - data_crawler - INFO - ETF代码：159339 | 名称：A500ETF
2025-08-30 19:07:31,536 - data_crawler - INFO - 📅 无新数据需要爬取（上次爬取至2025-09-01）
2025-08-30 19:07:31,536 - data_crawler - INFO - --- 批次4 - 第11只 / 共50只 ---
2025-08-30 19:07:31,537 - data_crawler - INFO - ETF代码：159801 | 名称：芯片ETF龙头
2025-08-30 19:07:31,603 - data_crawler - INFO - 📅 无新数据需要爬取（上次爬取至2025-09-01）
2025-08-30 19:07:31,603 - data_crawler - INFO - --- 批次4 - 第12只 / 共50只 ---
2025-08-30 19:07:31,604 - data_crawler - INFO - ETF代码：513860 | 名称：港股通科技ETF
2025-08-30 19:07:31,669 - data_crawler - INFO - 📅 无新数据需要爬取（上次爬取至2025-09-01）
2025-08-30 19:07:31,670 - data_crawler - INFO - --- 批次4 - 第13只 / 共50只 ---
2025-08-30 19:07:31,671 - data_crawler - INFO - ETF代码：588180 | 名称：科创50ETF基金
2025-08-30 19:07:31,735 - data_crawler - INFO - 📅 无新数据需要爬取（上次爬取至2025-09-01）
2025-08-30 19:07:31,736 - data_crawler - INFO - --- 批次4 - 第14只 / 共50只 ---
2025-08-30 19:07:31,737 - data_crawler - INFO - ETF代码：588750 | 名称：科创芯片50ETF
2025-08-30 19:07:31,800 - data_crawler - INFO - 📅 无新数据需要爬取（上次爬取至2025-09-01）
2025-08-30 19:07:31,800 - data_crawler - INFO - --- 批次4 - 第15只 / 共50只 ---
2025-08-30 19:07:31,801 - data_crawler - INFO - ETF代码：159998 | 名称：计算机ETF
2025-08-30 19:07:31,867 - data_crawler - INFO - 📅 无新数据需要爬取（上次爬取至2025-09-01）
2025-08-30 19:07:31,867 - data_crawler - INFO - --- 批次4 - 第16只 / 共50只 ---
2025-08-30 19:07:31,868 - data_crawler - INFO - ETF代码：516780 | 名称：稀土ETF
2025-08-30 19:07:31,934 - data_crawler - INFO - 📅 无新数据需要爬取（上次爬取至2025-09-01）
2025-08-30 19:07:31,934 - data_crawler - INFO - --- 批次4 - 第17只 / 共50只 ---
2025-08-30 19:07:31,935 - data_crawler - INFO - ETF代码：159925 | 名称：沪深300ETF南方
2025-08-30 19:07:32,003 - data_crawler - INFO - 📅 无新数据需要爬取（上次爬取至2025-09-01）
2025-08-30 19:07:32,003 - data_crawler - INFO - --- 批次4 - 第18只 / 共50只 ---
2025-08-30 19:07:32,004 - data_crawler - INFO - ETF代码：513910 | 名称：港股央企红利ETF
2025-08-30 19:07:32,068 - data_crawler - INFO - 📅 无新数据需要爬取（上次爬取至2025-09-01）
2025-08-30 19:07:32,068 - data_crawler - INFO - --- 批次4 - 第19只 / 共50只 ---
2025-08-30 19:07:32,070 - data_crawler - INFO - ETF代码：515000 | 名称：科技ETF
2025-08-30 19:07:32,135 - data_crawler - INFO - 📅 无新数据需要爬取（上次爬取至2025-09-01）
2025-08-30 19:07:32,135 - data_crawler - INFO - --- 批次4 - 第20只 / 共50只 ---
2025-08-30 19:07:32,136 - data_crawler - INFO - ETF代码：159262 | 名称：港股通科技ETF
2025-08-30 19:07:32,200 - data_crawler - INFO - 📅 无新数据需要爬取（上次爬取至2025-09-01）
2025-08-30 19:07:32,200 - data_crawler - INFO - --- 批次4 - 第21只 / 共50只 ---
2025-08-30 19:07:32,201 - data_crawler - INFO - ETF代码：159660 | 名称：纳指100ETF
2025-08-30 19:07:32,265 - data_crawler - INFO - 📅 无新数据需要爬取（上次爬取至2025-09-01）
2025-08-30 19:07:32,265 - data_crawler - INFO - --- 批次4 - 第22只 / 共50只 ---
2025-08-30 19:07:32,266 - data_crawler - INFO - ETF代码：513110 | 名称：纳斯达克100ETF
2025-08-30 19:07:32,331 - data_crawler - INFO - 📅 无新数据需要爬取（上次爬取至2025-09-01）
2025-08-30 19:07:32,331 - data_crawler - INFO - --- 批次4 - 第23只 / 共50只 ---
2025-08-30 19:07:32,332 - data_crawler - INFO - ETF代码：159399 | 名称：现金流ETF
2025-08-30 19:07:32,396 - data_crawler - INFO - 📅 无新数据需要爬取（上次爬取至2025-09-01）
2025-08-30 19:07:32,396 - data_crawler - INFO - --- 批次4 - 第24只 / 共50只 ---
2025-08-30 19:07:32,397 - data_crawler - INFO - ETF代码：512290 | 名称：生物医药ETF
2025-08-30 19:07:32,463 - data_crawler - INFO - 📅 无新数据需要爬取（上次爬取至2025-09-01）
2025-08-30 19:07:32,463 - data_crawler - INFO - --- 批次4 - 第25只 / 共50只 ---
2025-08-30 19:07:32,464 - data_crawler - INFO - ETF代码：513580 | 名称：恒生科技ETF指数基金
2025-08-30 19:07:32,530 - data_crawler - INFO - 📅 无新数据需要爬取（上次爬取至2025-09-01）
2025-08-30 19:07:32,530 - data_crawler - INFO - --- 批次4 - 第26只 / 共50只 ---
2025-08-30 19:07:32,531 - data_crawler - INFO - ETF代码：513390 | 名称：纳指100ETF
2025-08-30 19:07:32,596 - data_crawler - INFO - 📅 无新数据需要爬取（上次爬取至2025-09-01）
2025-08-30 19:07:32,596 - data_crawler - INFO - --- 批次4 - 第27只 / 共50只 ---
2025-08-30 19:07:32,597 - data_crawler - INFO - ETF代码：159516 | 名称：半导体设备ETF
2025-08-30 19:07:32,661 - data_crawler - INFO - 📅 无新数据需要爬取（上次爬取至2025-09-01）
2025-08-30 19:07:32,661 - data_crawler - INFO - --- 批次4 - 第28只 / 共50只 ---
2025-08-30 19:07:32,662 - data_crawler - INFO - ETF代码：518660 | 名称：黄金ETF基金
2025-08-30 19:07:32,729 - data_crawler - INFO - 📅 无新数据需要爬取（上次爬取至2025-09-01）
2025-08-30 19:07:32,729 - data_crawler - INFO - --- 批次4 - 第29只 / 共50只 ---
2025-08-30 19:07:32,730 - data_crawler - INFO - ETF代码：159506 | 名称：港股通医疗ETF富国
2025-08-30 19:07:32,794 - data_crawler - INFO - 📅 无新数据需要爬取（上次爬取至2025-09-01）
2025-08-30 19:07:32,794 - data_crawler - INFO - --- 批次4 - 第30只 / 共50只 ---
2025-08-30 19:07:32,795 - data_crawler - INFO - ETF代码：159732 | 名称：消费电子ETF
2025-08-30 19:07:32,861 - data_crawler - INFO - 📅 无新数据需要爬取（上次爬取至2025-09-01）
2025-08-30 19:07:32,862 - data_crawler - INFO - --- 批次4 - 第31只 / 共50只 ---
2025-08-30 19:07:32,863 - data_crawler - INFO - ETF代码：513920 | 名称：港股通央企红利ETF
2025-08-30 19:07:32,926 - data_crawler - INFO - 📅 无新数据需要爬取（上次爬取至2025-09-01）
2025-08-30 19:07:32,926 - data_crawler - INFO - --- 批次4 - 第32只 / 共50只 ---
2025-08-30 19:07:32,928 - data_crawler - INFO - ETF代码：518680 | 名称：金ETF
2025-08-30 19:07:32,992 - data_crawler - INFO - 📅 无新数据需要爬取（上次爬取至2025-09-01）
2025-08-30 19:07:32,993 - data_crawler - INFO - --- 批次4 - 第33只 / 共50只 ---
2025-08-30 19:07:32,994 - data_crawler - INFO - ETF代码：588290 | 名称：科创芯片ETF基金
2025-08-30 19:07:33,058 - data_crawler - INFO - 📅 无新数据需要爬取（上次爬取至2025-09-01）
2025-08-30 19:07:33,058 - data_crawler - INFO - --- 批次4 - 第34只 / 共50只 ---
2025-08-30 19:07:33,059 - data_crawler - INFO - ETF代码：513820 | 名称：港股红利ETF基金
2025-08-30 19:07:33,123 - data_crawler - INFO - 📅 无新数据需要爬取（上次爬取至2025-09-01）
2025-08-30 19:07:33,123 - data_crawler - INFO - --- 批次4 - 第35只 / 共50只 ---
2025-08-30 19:07:33,124 - data_crawler - INFO - ETF代码：513020 | 名称：港股科技ETF
2025-08-30 19:07:33,189 - data_crawler - INFO - 📅 无新数据需要爬取（上次爬取至2025-09-01）
2025-08-30 19:07:33,189 - data_crawler - INFO - --- 批次4 - 第36只 / 共50只 ---
2025-08-30 19:07:33,190 - data_crawler - INFO - ETF代码：159595 | 名称：中证A50ETF基金
2025-08-30 19:07:33,254 - data_crawler - INFO - 📅 无新数据需要爬取（上次爬取至2025-09-01）
2025-08-30 19:07:33,255 - data_crawler - INFO - --- 批次4 - 第37只 / 共50只 ---
2025-08-30 19:07:33,256 - data_crawler - INFO - ETF代码：512020 | 名称：A500ETF指数
2025-08-30 19:07:33,320 - data_crawler - INFO - 📅 无新数据需要爬取（上次爬取至2025-09-01）
2025-08-30 19:07:33,320 - data_crawler - INFO - --- 批次4 - 第38只 / 共50只 ---
2025-08-30 19:07:33,321 - data_crawler - INFO - ETF代码：159742 | 名称：恒生科技指数ETF
2025-08-30 19:07:33,387 - data_crawler - INFO - 📅 无新数据需要爬取（上次爬取至2025-09-01）
2025-08-30 19:07:33,387 - data_crawler - INFO - --- 批次4 - 第39只 / 共50只 ---
2025-08-30 19:07:33,388 - data_crawler - INFO - ETF代码：520980 | 名称：港股通科技ETF汇添富
2025-08-30 19:07:33,451 - data_crawler - INFO - 📅 无新数据需要爬取（上次爬取至2025-09-01）
2025-08-30 19:07:33,451 - data_crawler - INFO - --- 批次4 - 第40只 / 共50只 ---
2025-08-30 19:07:33,452 - data_crawler - INFO - ETF代码：159696 | 名称：纳指ETF易方达
2025-08-30 19:07:33,516 - data_crawler - INFO - 📅 无新数据需要爬取（上次爬取至2025-09-01）
2025-08-30 19:07:33,516 - data_crawler - INFO - --- 批次4 - 第41只 / 共50只 ---
2025-08-30 19:07:33,517 - data_crawler - INFO - ETF代码：588800 | 名称：科创100ETF华夏
2025-08-30 19:07:33,581 - data_crawler - INFO - 📅 无新数据需要爬取（上次爬取至2025-09-01）
2025-08-30 19:07:33,581 - data_crawler - INFO - --- 批次4 - 第42只 / 共50只 ---
2025-08-30 19:07:33,582 - data_crawler - INFO - ETF代码：159859 | 名称：生物医药ETF
2025-08-30 19:07:33,647 - data_crawler - INFO - 📅 无新数据需要爬取（上次爬取至2025-09-01）
2025-08-30 19:07:33,647 - data_crawler - INFO - --- 批次4 - 第43只 / 共50只 ---
2025-08-30 19:07:33,649 - data_crawler - INFO - ETF代码：159655 | 名称：标普ETF
2025-08-30 19:07:33,716 - data_crawler - INFO - 📅 无新数据需要爬取（上次爬取至2025-09-01）
2025-08-30 19:07:33,717 - data_crawler - INFO - --- 批次4 - 第44只 / 共50只 ---
2025-08-30 19:07:33,719 - data_crawler - INFO - ETF代码：159993 | 名称：证券ETF龙头
2025-08-30 19:07:33,785 - data_crawler - INFO - 📅 无新数据需要爬取（上次爬取至2025-09-01）
2025-08-30 19:07:33,785 - data_crawler - INFO - --- 批次4 - 第45只 / 共50只 ---
2025-08-30 19:07:33,786 - data_crawler - INFO - ETF代码：510580 | 名称：中证500ETF易方达
2025-08-30 19:07:33,853 - data_crawler - INFO - 📅 无新数据需要爬取（上次爬取至2025-09-01）
2025-08-30 19:07:33,853 - data_crawler - INFO - --- 批次4 - 第46只 / 共50只 ---
2025-08-30 19:07:33,854 - data_crawler - INFO - ETF代码：159601 | 名称：A50ETF
2025-08-30 19:07:33,918 - data_crawler - INFO - 📅 无新数据需要爬取（上次爬取至2025-09-01）
2025-08-30 19:07:33,919 - data_crawler - INFO - --- 批次4 - 第47只 / 共50只 ---
2025-08-30 19:07:33,920 - data_crawler - INFO - ETF代码：516970 | 名称：基建50ETF
2025-08-30 19:07:33,985 - data_crawler - INFO - 📅 无新数据需要爬取（上次爬取至2025-09-01）
2025-08-30 19:07:33,985 - data_crawler - INFO - --- 批次4 - 第48只 / 共50只 ---
2025-08-30 19:07:33,986 - data_crawler - INFO - ETF代码：513950 | 名称：恒生红利ETF
2025-08-30 19:07:34,051 - data_crawler - INFO - 📅 无新数据需要爬取（上次爬取至2025-09-01）
2025-08-30 19:07:34,051 - data_crawler - INFO - --- 批次4 - 第49只 / 共50只 ---
2025-08-30 19:07:34,052 - data_crawler - INFO - ETF代码：563300 | 名称：中证2000ETF
2025-08-30 19:07:34,116 - data_crawler - INFO - 📅 无新数据需要爬取（上次爬取至2025-09-01）
2025-08-30 19:07:34,116 - data_crawler - INFO - --- 批次4 - 第50只 / 共50只 ---
2025-08-30 19:07:34,117 - data_crawler - INFO - ETF代码：513190 | 名称：港股通金融ETF
2025-08-30 19:07:34,181 - data_crawler - INFO - 📅 无新数据需要爬取（上次爬取至2025-09-01）
2025-08-30 19:07:34,182 - data_crawler - INFO - 批次4处理完成，休眠10秒后继续...
2025-08-30 19:07:44,192 - data_crawler - INFO - ==============================
2025-08-30 19:07:44,192 - data_crawler - INFO - 正在处理批次 5/7
2025-08-30 19:07:44,192 - data_crawler - INFO - ETF范围：201-250只（共50只）
2025-08-30 19:07:44,192 - data_crawler - INFO - ==============================
2025-08-30 19:07:44,192 - data_crawler - INFO - --- 批次5 - 第1只 / 共50只 ---
2025-08-30 19:07:44,194 - data_crawler - INFO - ETF代码：159356 | 名称：A500ETF基金
2025-08-30 19:07:44,265 - data_crawler - INFO - 📅 无新数据需要爬取（上次爬取至2025-09-01）
2025-08-30 19:07:44,265 - data_crawler - INFO - --- 批次5 - 第2只 / 共50只 ---
2025-08-30 19:07:44,267 - data_crawler - INFO - ETF代码：515210 | 名称：钢铁ETF
2025-08-30 19:07:44,335 - data_crawler - INFO - 📅 无新数据需要爬取（上次爬取至2025-09-01）
2025-08-30 19:07:44,335 - data_crawler - INFO - --- 批次5 - 第3只 / 共50只 ---
2025-08-30 19:07:44,336 - data_crawler - INFO - ETF代码：560090 | 名称：证券ETF龙头
2025-08-30 19:07:44,400 - data_crawler - INFO - 📅 无新数据需要爬取（上次爬取至2025-09-01）
2025-08-30 19:07:44,400 - data_crawler - INFO - --- 批次5 - 第4只 / 共50只 ---
2025-08-30 19:07:44,401 - data_crawler - INFO - ETF代码：588760 | 名称：人工智能ETF科创
2025-08-30 19:07:44,466 - data_crawler - INFO - 📅 无新数据需要爬取（上次爬取至2025-09-01）
2025-08-30 19:07:44,466 - data_crawler - INFO - --- 批次5 - 第5只 / 共50只 ---
2025-08-30 19:07:44,467 - data_crawler - INFO - ETF代码：512980 | 名称：传媒ETF
2025-08-30 19:07:44,533 - data_crawler - INFO - 📅 无新数据需要爬取（上次爬取至2025-09-01）
2025-08-30 19:07:44,533 - data_crawler - INFO - --- 批次5 - 第6只 / 共50只 ---
2025-08-30 19:07:44,535 - data_crawler - INFO - ETF代码：516510 | 名称：云计算ETF
2025-08-30 19:07:44,599 - data_crawler - INFO - 📅 无新数据需要爬取（上次爬取至2025-09-01）
2025-08-30 19:07:44,599 - data_crawler - INFO - --- 批次5 - 第7只 / 共50只 ---
2025-08-30 19:07:44,601 - data_crawler - INFO - ETF代码：512930 | 名称：AI人工智能ETF
2025-08-30 19:07:44,666 - data_crawler - INFO - 📅 无新数据需要爬取（上次爬取至2025-09-01）
2025-08-30 19:07:44,666 - data_crawler - INFO - --- 批次5 - 第8只 / 共50只 ---
2025-08-30 19:07:44,667 - data_crawler - INFO - ETF代码：515650 | 名称：消费50ETF
2025-08-30 19:07:44,732 - data_crawler - INFO - 📅 无新数据需要爬取（上次爬取至2025-09-01）
2025-08-30 19:07:44,733 - data_crawler - INFO - --- 批次5 - 第9只 / 共50只 ---
2025-08-30 19:07:44,734 - data_crawler - INFO - ETF代码：513160 | 名称：港股科技30ETF
2025-08-30 19:07:44,798 - data_crawler - INFO - 📅 无新数据需要爬取（上次爬取至2025-09-01）
2025-08-30 19:07:44,798 - data_crawler - INFO - --- 批次5 - 第10只 / 共50只 ---
2025-08-30 19:07:44,799 - data_crawler - INFO - ETF代码：159971 | 名称：创业板ETF富国
2025-08-30 19:07:44,865 - data_crawler - INFO - 📅 无新数据需要爬取（上次爬取至2025-09-01）
2025-08-30 19:07:44,865 - data_crawler - INFO - --- 批次5 - 第11只 / 共50只 ---
2025-08-30 19:07:44,867 - data_crawler - INFO - ETF代码：513550 | 名称：港股通50ETF
2025-08-30 19:07:44,931 - data_crawler - INFO - 📅 无新数据需要爬取（上次爬取至2025-09-01）
2025-08-30 19:07:44,932 - data_crawler - INFO - --- 批次5 - 第12只 / 共50只 ---
2025-08-30 19:07:44,933 - data_crawler - INFO - ETF代码：159673 | 名称：沪深300ETF鹏华
2025-08-30 19:07:44,997 - data_crawler - INFO - 📅 无新数据需要爬取（上次爬取至2025-09-01）
2025-08-30 19:07:44,997 - data_crawler - INFO - --- 批次5 - 第13只 / 共50只 ---
2025-08-30 19:07:44,998 - data_crawler - INFO - ETF代码：563020 | 名称：红利低波动ETF
2025-08-30 19:07:45,062 - data_crawler - INFO - 📅 无新数据需要爬取（上次爬取至2025-09-01）
2025-08-30 19:07:45,062 - data_crawler - INFO - --- 批次5 - 第14只 / 共50只 ---
2025-08-30 19:07:45,064 - data_crawler - INFO - ETF代码：513780 | 名称：港股创新药50ETF
2025-08-30 19:07:45,127 - data_crawler - INFO - 📅 无新数据需要爬取（上次爬取至2025-09-01）
2025-08-30 19:07:45,127 - data_crawler - INFO - --- 批次5 - 第15只 / 共50只 ---
2025-08-30 19:07:45,129 - data_crawler - INFO - ETF代码：513600 | 名称：恒生指数ETF
2025-08-30 19:07:45,195 - data_crawler - INFO - 📅 无新数据需要爬取（上次爬取至2025-09-01）
2025-08-30 19:07:45,195 - data_crawler - INFO - --- 批次5 - 第16只 / 共50只 ---
2025-08-30 19:07:45,196 - data_crawler - INFO - ETF代码：159985 | 名称：豆粕ETF
2025-08-30 19:07:45,261 - data_crawler - INFO - 📅 无新数据需要爬取（上次爬取至2025-09-01）
2025-08-30 19:07:45,261 - data_crawler - INFO - --- 批次5 - 第17只 / 共50只 ---
2025-08-30 19:07:45,262 - data_crawler - INFO - ETF代码：159357 | 名称：中证A500指数ETF
2025-08-30 19:07:45,326 - data_crawler - INFO - 📅 无新数据需要爬取（上次爬取至2025-09-01）
2025-08-30 19:07:45,326 - data_crawler - INFO - --- 批次5 - 第18只 / 共50只 ---
2025-08-30 19:07:45,327 - data_crawler - INFO - ETF代码：588380 | 名称：双创50ETF
2025-08-30 19:07:45,391 - data_crawler - INFO - 📅 无新数据需要爬取（上次爬取至2025-09-01）
2025-08-30 19:07:45,391 - data_crawler - INFO - --- 批次5 - 第19只 / 共50只 ---
2025-08-30 19:07:45,392 - data_crawler - INFO - ETF代码：510760 | 名称：上证综指ETF
2025-08-30 19:07:45,457 - data_crawler - INFO - 📅 无新数据需要爬取（上次爬取至2025-09-01）
2025-08-30 19:07:45,457 - data_crawler - INFO - --- 批次5 - 第20只 / 共50只 ---
2025-08-30 19:07:45,458 - data_crawler - INFO - ETF代码：159825 | 名称：农业ETF
2025-08-30 19:07:45,523 - data_crawler - INFO - 📅 无新数据需要爬取（上次爬取至2025-09-01）
2025-08-30 19:07:45,523 - data_crawler - INFO - --- 批次5 - 第21只 / 共50只 ---
2025-08-30 19:07:45,524 - data_crawler - INFO - ETF代码：513530 | 名称：港股通红利ETF
2025-08-30 19:07:45,588 - data_crawler - INFO - 📅 无新数据需要爬取（上次爬取至2025-09-01）
2025-08-30 19:07:45,588 - data_crawler - INFO - --- 批次5 - 第22只 / 共50只 ---
2025-08-30 19:07:45,589 - data_crawler - INFO - ETF代码：159929 | 名称：医药ETF
2025-08-30 19:07:45,656 - data_crawler - INFO - 📅 无新数据需要爬取（上次爬取至2025-09-01）
2025-08-30 19:07:45,657 - data_crawler - INFO - --- 批次5 - 第23只 / 共50只 ---
2025-08-30 19:07:45,658 - data_crawler - INFO - ETF代码：159857 | 名称：光伏ETF
2025-08-30 19:07:45,723 - data_crawler - INFO - 📅 无新数据需要爬取（上次爬取至2025-09-01）
2025-08-30 19:07:45,723 - data_crawler - INFO - --- 批次5 - 第24只 / 共50只 ---
2025-08-30 19:07:45,724 - data_crawler - INFO - ETF代码：516010 | 名称：游戏ETF
2025-08-30 19:07:45,789 - data_crawler - INFO - 📅 无新数据需要爬取（上次爬取至2025-09-01）
2025-08-30 19:07:45,789 - data_crawler - INFO - --- 批次5 - 第25只 / 共50只 ---
2025-08-30 19:07:45,790 - data_crawler - INFO - ETF代码：560080 | 名称：中药ETF
2025-08-30 19:07:45,854 - data_crawler - INFO - 📅 无新数据需要爬取（上次爬取至2025-09-01）
2025-08-30 19:07:45,854 - data_crawler - INFO - --- 批次5 - 第26只 / 共50只 ---
2025-08-30 19:07:45,855 - data_crawler - INFO - ETF代码：515700 | 名称：新能车ETF
2025-08-30 19:07:45,921 - data_crawler - INFO - 📅 无新数据需要爬取（上次爬取至2025-09-01）
2025-08-30 19:07:45,922 - data_crawler - INFO - --- 批次5 - 第27只 / 共50只 ---
2025-08-30 19:07:45,923 - data_crawler - INFO - ETF代码：510720 | 名称：红利国企ETF
2025-08-30 19:07:45,987 - data_crawler - INFO - 📅 无新数据需要爬取（上次爬取至2025-09-01）
2025-08-30 19:07:45,987 - data_crawler - INFO - --- 批次5 - 第28只 / 共50只 ---
2025-08-30 19:07:45,988 - data_crawler - INFO - ETF代码：589800 | 名称：科创综指ETF易方达
2025-08-30 19:07:46,052 - data_crawler - INFO - 📅 无新数据需要爬取（上次爬取至2025-09-01）
2025-08-30 19:07:46,053 - data_crawler - INFO - --- 批次5 - 第29只 / 共50只 ---
2025-08-30 19:07:46,054 - data_crawler - INFO - ETF代码：563080 | 名称：中证A50ETF易方达
2025-08-30 19:07:46,117 - data_crawler - INFO - 📅 无新数据需要爬取（上次爬取至2025-09-01）
2025-08-30 19:07:46,118 - data_crawler - INFO - --- 批次5 - 第30只 / 共50只 ---
2025-08-30 19:07:46,119 - data_crawler - INFO - ETF代码：588930 | 名称：科创板人工智能ETF
2025-08-30 19:07:46,183 - data_crawler - INFO - 📅 无新数据需要爬取（上次爬取至2025-09-01）
2025-08-30 19:07:46,183 - data_crawler - INFO - --- 批次5 - 第31只 / 共50只 ---
2025-08-30 19:07:46,184 - data_crawler - INFO - ETF代码：513200 | 名称：港股通医药ETF
2025-08-30 19:07:46,249 - data_crawler - INFO - 📅 无新数据需要爬取（上次爬取至2025-09-01）
2025-08-30 19:07:46,249 - data_crawler - INFO - --- 批次5 - 第32只 / 共50只 ---
2025-08-30 19:07:46,250 - data_crawler - INFO - ETF代码：560350 | 名称：中证A50ETF指数基金
2025-08-30 19:07:46,313 - data_crawler - INFO - 📅 无新数据需要爬取（上次爬取至2025-09-01）
2025-08-30 19:07:46,314 - data_crawler - INFO - --- 批次5 - 第33只 / 共50只 ---
2025-08-30 19:07:46,315 - data_crawler - INFO - ETF代码：560860 | 名称：工业有色ETF
2025-08-30 19:07:46,379 - data_crawler - INFO - 📅 无新数据需要爬取（上次爬取至2025-09-01）
2025-08-30 19:07:46,379 - data_crawler - INFO - --- 批次5 - 第34只 / 共50只 ---
2025-08-30 19:07:46,381 - data_crawler - INFO - ETF代码：159828 | 名称：医疗ETF
2025-08-30 19:07:46,446 - data_crawler - INFO - 📅 无新数据需要爬取（上次爬取至2025-09-01）
2025-08-30 19:07:46,446 - data_crawler - INFO - --- 批次5 - 第35只 / 共50只 ---
2025-08-30 19:07:46,448 - data_crawler - INFO - ETF代码：516310 | 名称：银行ETF易方达
2025-08-30 19:07:46,512 - data_crawler - INFO - 📅 无新数据需要爬取（上次爬取至2025-09-01）
2025-08-30 19:07:46,512 - data_crawler - INFO - --- 批次5 - 第36只 / 共50只 ---
2025-08-30 19:07:46,514 - data_crawler - INFO - ETF代码：516860 | 名称：金融科技ETF
2025-08-30 19:07:46,579 - data_crawler - INFO - 📅 无新数据需要爬取（上次爬取至2025-09-01）
2025-08-30 19:07:46,579 - data_crawler - INFO - --- 批次5 - 第37只 / 共50只 ---
2025-08-30 19:07:46,580 - data_crawler - INFO - ETF代码：159790 | 名称：碳中和ETF
2025-08-30 19:07:46,645 - data_crawler - INFO - 📅 无新数据需要爬取（上次爬取至2025-09-01）
2025-08-30 19:07:46,645 - data_crawler - INFO - --- 批次5 - 第38只 / 共50只 ---
2025-08-30 19:07:46,646 - data_crawler - INFO - ETF代码：510510 | 名称：中证500ETF基金
2025-08-30 19:07:46,713 - data_crawler - INFO - 📅 无新数据需要爬取（上次爬取至2025-09-01）
2025-08-30 19:07:46,714 - data_crawler - INFO - --- 批次5 - 第39只 / 共50只 ---
2025-08-30 19:07:46,715 - data_crawler - INFO - ETF代码：159681 | 名称：创50ETF
2025-08-30 19:07:46,779 - data_crawler - INFO - 📅 无新数据需要爬取（上次爬取至2025-09-01）
2025-08-30 19:07:46,779 - data_crawler - INFO - --- 批次5 - 第40只 / 共50只 ---
2025-08-30 19:07:46,780 - data_crawler - INFO - ETF代码：159957 | 名称：创业板ETF华夏
2025-08-30 19:07:46,846 - data_crawler - INFO - 📅 无新数据需要爬取（上次爬取至2025-09-01）
2025-08-30 19:07:46,846 - data_crawler - INFO - --- 批次5 - 第41只 / 共50只 ---
2025-08-30 19:07:46,848 - data_crawler - INFO - ETF代码：562800 | 名称：稀有金属ETF
2025-08-30 19:07:46,912 - data_crawler - INFO - 📅 无新数据需要爬取（上次爬取至2025-09-01）
2025-08-30 19:07:46,912 - data_crawler - INFO - --- 批次5 - 第42只 / 共50只 ---
2025-08-30 19:07:46,913 - data_crawler - INFO - ETF代码：513970 | 名称：恒生消费ETF
2025-08-30 19:07:46,977 - data_crawler - INFO - 📅 无新数据需要爬取（上次爬取至2025-09-01）
2025-08-30 19:07:46,977 - data_crawler - INFO - --- 批次5 - 第43只 / 共50只 ---
2025-08-30 19:07:46,978 - data_crawler - INFO - ETF代码：159358 | 名称：中证A500ETF基金
2025-08-30 19:07:47,041 - data_crawler - INFO - 📅 无新数据需要爬取（上次爬取至2025-09-01）
2025-08-30 19:07:47,041 - data_crawler - INFO - --- 批次5 - 第44只 / 共50只 ---
2025-08-30 19:07:47,043 - data_crawler - INFO - ETF代码：513040 | 名称：港股通互联网ETF
2025-08-30 19:07:47,107 - data_crawler - INFO - 📅 无新数据需要爬取（上次爬取至2025-09-01）
2025-08-30 19:07:47,107 - data_crawler - INFO - --- 批次5 - 第45只 / 共50只 ---
2025-08-30 19:07:47,108 - data_crawler - INFO - ETF代码：589000 | 名称：科创综指ETF华夏
2025-08-30 19:07:47,173 - data_crawler - INFO - 📅 无新数据需要爬取（上次爬取至2025-09-01）
2025-08-30 19:07:47,173 - data_crawler - INFO - --- 批次5 - 第46只 / 共50只 ---
2025-08-30 19:07:47,175 - data_crawler - INFO - ETF代码：588730 | 名称：科创人工智能ETF
2025-08-30 19:07:47,239 - data_crawler - INFO - 📅 无新数据需要爬取（上次爬取至2025-09-01）
2025-08-30 19:07:47,239 - data_crawler - INFO - --- 批次5 - 第47只 / 共50只 ---
2025-08-30 19:07:47,241 - data_crawler - INFO - ETF代码：515230 | 名称：软件ETF
2025-08-30 19:07:47,308 - data_crawler - INFO - 📅 无新数据需要爬取（上次爬取至2025-09-01）
2025-08-30 19:07:47,308 - data_crawler - INFO - --- 批次5 - 第48只 / 共50只 ---
2025-08-30 19:07:47,309 - data_crawler - INFO - ETF代码：159592 | 名称：A50ETF基金
2025-08-30 19:07:47,374 - data_crawler - INFO - 📅 无新数据需要爬取（上次爬取至2025-09-01）
2025-08-30 19:07:47,374 - data_crawler - INFO - --- 批次5 - 第49只 / 共50只 ---
2025-08-30 19:07:47,375 - data_crawler - INFO - ETF代码：589680 | 名称：科创综指ETF鹏华
2025-08-30 19:07:47,439 - data_crawler - INFO - 📅 无新数据需要爬取（上次爬取至2025-09-01）
2025-08-30 19:07:47,440 - data_crawler - INFO - --- 批次5 - 第50只 / 共50只 ---
2025-08-30 19:07:47,441 - data_crawler - INFO - ETF代码：159633 | 名称：中证1000ETF易方达
2025-08-30 19:07:47,505 - data_crawler - INFO - 📅 无新数据需要爬取（上次爬取至2025-09-01）
2025-08-30 19:07:47,506 - data_crawler - INFO - 批次5处理完成，休眠10秒后继续...
2025-08-30 19:07:57,516 - data_crawler - INFO - ==============================
2025-08-30 19:07:57,516 - data_crawler - INFO - 正在处理批次 6/7
2025-08-30 19:07:57,516 - data_crawler - INFO - ETF范围：251-300只（共50只）
2025-08-30 19:07:57,516 - data_crawler - INFO - ==============================
2025-08-30 19:07:57,516 - data_crawler - INFO - --- 批次6 - 第1只 / 共50只 ---
2025-08-30 19:07:57,518 - data_crawler - INFO - ETF代码：588400 | 名称：科创创业ETF嘉实
2025-08-30 19:07:57,583 - data_crawler - INFO - 📅 无新数据需要爬取（上次爬取至2025-09-01）
2025-08-30 19:07:57,583 - data_crawler - INFO - --- 批次6 - 第2只 / 共50只 ---
2025-08-30 19:07:57,584 - data_crawler - INFO - ETF代码：159259 | 名称：成长ETF
2025-08-30 19:07:57,647 - data_crawler - INFO - 📅 无新数据需要爬取（上次爬取至2025-09-01）
2025-08-30 19:07:57,647 - data_crawler - INFO - --- 批次6 - 第3只 / 共50只 ---
2025-08-30 19:07:57,648 - data_crawler - INFO - ETF代码：159329 | 名称：沙特ETF
2025-08-30 19:07:57,711 - data_crawler - INFO - 📅 无新数据需要爬取（上次爬取至2025-09-01）
2025-08-30 19:07:57,711 - data_crawler - INFO - --- 批次6 - 第4只 / 共50只 ---
2025-08-30 19:07:57,712 - data_crawler - INFO - ETF代码：515400 | 名称：大数据ETF
2025-08-30 19:07:57,777 - data_crawler - INFO - 📅 无新数据需要爬取（上次爬取至2025-09-01）
2025-08-30 19:07:57,777 - data_crawler - INFO - --- 批次6 - 第5只 / 共50只 ---
2025-08-30 19:07:57,778 - data_crawler - INFO - ETF代码：159360 | 名称：中证A500ETF天弘
2025-08-30 19:07:57,842 - data_crawler - INFO - 📅 无新数据需要爬取（上次爬取至2025-09-01）
2025-08-30 19:07:57,842 - data_crawler - INFO - --- 批次6 - 第6只 / 共50只 ---
2025-08-30 19:07:57,843 - data_crawler - INFO - ETF代码：510150 | 名称：消费ETF
2025-08-30 19:07:57,910 - data_crawler - INFO - 📅 无新数据需要爬取（上次爬取至2025-09-01）
2025-08-30 19:07:57,910 - data_crawler - INFO - --- 批次6 - 第7只 / 共50只 ---
2025-08-30 19:07:57,911 - data_crawler - INFO - ETF代码：562080 | 名称：300现金流ETF
2025-08-30 19:07:57,975 - data_crawler - INFO - 📅 无新数据需要爬取（上次爬取至2025-09-01）
2025-08-30 19:07:57,975 - data_crawler - INFO - --- 批次6 - 第8只 / 共50只 ---
2025-08-30 19:07:57,976 - data_crawler - INFO - ETF代码：159300 | 名称：300ETF
2025-08-30 19:07:58,040 - data_crawler - INFO - 📅 无新数据需要爬取（上次爬取至2025-09-01）
2025-08-30 19:07:58,040 - data_crawler - INFO - --- 批次6 - 第9只 / 共50只 ---
2025-08-30 19:07:58,041 - data_crawler - INFO - ETF代码：588300 | 名称：双创ETF
2025-08-30 19:07:58,107 - data_crawler - INFO - 📅 无新数据需要爬取（上次爬取至2025-09-01）
2025-08-30 19:07:58,107 - data_crawler - INFO - --- 批次6 - 第10只 / 共50只 ---
2025-08-30 19:07:58,108 - data_crawler - INFO - ETF代码：159215 | 名称：中证A500ETF指数基金
2025-08-30 19:07:58,171 - data_crawler - INFO - 📅 无新数据需要爬取（上次爬取至2025-09-01）
2025-08-30 19:07:58,171 - data_crawler - INFO - --- 批次6 - 第11只 / 共50只 ---
2025-08-30 19:07:58,172 - data_crawler - INFO - ETF代码：159316 | 名称：恒生创新药ETF
2025-08-30 19:07:58,236 - data_crawler - INFO - 📅 无新数据需要爬取（上次爬取至2025-09-01）
2025-08-30 19:07:58,236 - data_crawler - INFO - --- 批次6 - 第12只 / 共50只 ---
2025-08-30 19:07:58,237 - data_crawler - INFO - ETF代码：588890 | 名称：科创芯片ETF南方
2025-08-30 19:07:58,301 - data_crawler - INFO - 📅 无新数据需要爬取（上次爬取至2025-09-01）
2025-08-30 19:07:58,301 - data_crawler - INFO - --- 批次6 - 第13只 / 共50只 ---
2025-08-30 19:07:58,302 - data_crawler - INFO - ETF代码：159713 | 名称：稀土ETF
2025-08-30 19:07:58,366 - data_crawler - INFO - 📅 无新数据需要爬取（上次爬取至2025-09-01）
2025-08-30 19:07:58,367 - data_crawler - INFO - --- 批次6 - 第14只 / 共50只 ---
2025-08-30 19:07:58,368 - data_crawler - INFO - ETF代码：512700 | 名称：银行ETF南方
2025-08-30 19:07:58,434 - data_crawler - INFO - 📅 无新数据需要爬取（上次爬取至2025-09-01）
2025-08-30 19:07:58,434 - data_crawler - INFO - --- 批次6 - 第15只 / 共50只 ---
2025-08-30 19:07:58,435 - data_crawler - INFO - ETF代码：561300 | 名称：300增强ETF
2025-08-30 19:07:58,500 - data_crawler - INFO - 📅 无新数据需要爬取（上次爬取至2025-09-01）
2025-08-30 19:07:58,500 - data_crawler - INFO - --- 批次6 - 第16只 / 共50只 ---
2025-08-30 19:07:58,501 - data_crawler - INFO - ETF代码：516880 | 名称：光伏50ETF
2025-08-30 19:07:58,566 - data_crawler - INFO - 📅 无新数据需要爬取（上次爬取至2025-09-01）
2025-08-30 19:07:58,566 - data_crawler - INFO - --- 批次6 - 第17只 / 共50只 ---
2025-08-30 19:07:58,567 - data_crawler - INFO - ETF代码：516820 | 名称：医疗创新ETF
2025-08-30 19:07:58,632 - data_crawler - INFO - 📅 无新数据需要爬取（上次爬取至2025-09-01）
2025-08-30 19:07:58,632 - data_crawler - INFO - --- 批次6 - 第18只 / 共50只 ---
2025-08-30 19:07:58,633 - data_crawler - INFO - ETF代码：159908 | 名称：创业板ETF博时
2025-08-30 19:07:58,701 - data_crawler - INFO - 📅 无新数据需要爬取（上次爬取至2025-09-01）
2025-08-30 19:07:58,701 - data_crawler - INFO - --- 批次6 - 第19只 / 共50只 ---
2025-08-30 19:07:58,702 - data_crawler - INFO - ETF代码：513030 | 名称：德国ETF
2025-08-30 19:07:58,768 - data_crawler - INFO - 📅 无新数据需要爬取（上次爬取至2025-09-01）
2025-08-30 19:07:58,768 - data_crawler - INFO - --- 批次6 - 第20只 / 共50只 ---
2025-08-30 19:07:58,770 - data_crawler - INFO - ETF代码：159359 | 名称：中证A500ETF华安
2025-08-30 19:07:58,833 - data_crawler - INFO - 📅 无新数据需要爬取（上次爬取至2025-09-01）
2025-08-30 19:07:58,833 - data_crawler - INFO - --- 批次6 - 第21只 / 共50只 ---
2025-08-30 19:07:58,834 - data_crawler - INFO - ETF代码：513880 | 名称：日经225ETF
2025-08-30 19:07:58,900 - data_crawler - INFO - 📅 无新数据需要爬取（上次爬取至2025-09-01）
2025-08-30 19:07:58,900 - data_crawler - INFO - --- 批次6 - 第22只 / 共50只 ---
2025-08-30 19:07:58,901 - data_crawler - INFO - ETF代码：513850 | 名称：美国50ETF
2025-08-30 19:07:58,964 - data_crawler - INFO - 📅 无新数据需要爬取（上次爬取至2025-09-01）
2025-08-30 19:07:58,965 - data_crawler - INFO - --- 批次6 - 第23只 / 共50只 ---
2025-08-30 19:07:58,966 - data_crawler - INFO - ETF代码：159561 | 名称：德国ETF
2025-08-30 19:07:59,029 - data_crawler - INFO - 📅 无新数据需要爬取（上次爬取至2025-09-01）
2025-08-30 19:07:59,030 - data_crawler - INFO - --- 批次6 - 第24只 / 共50只 ---
2025-08-30 19:07:59,031 - data_crawler - INFO - ETF代码：516020 | 名称：化工ETF
2025-08-30 19:07:59,095 - data_crawler - INFO - 📅 无新数据需要爬取（上次爬取至2025-09-01）
2025-08-30 19:07:59,095 - data_crawler - INFO - --- 批次6 - 第25只 / 共50只 ---
2025-08-30 19:07:59,096 - data_crawler - INFO - ETF代码：513520 | 名称：日经ETF
2025-08-30 19:07:59,161 - data_crawler - INFO - 📅 无新数据需要爬取（上次爬取至2025-09-01）
2025-08-30 19:07:59,162 - data_crawler - INFO - --- 批次6 - 第26只 / 共50只 ---
2025-08-30 19:07:59,163 - data_crawler - INFO - ETF代码：159994 | 名称：5GETF
2025-08-30 19:07:59,227 - data_crawler - INFO - 📅 无新数据需要爬取（上次爬取至2025-09-01）
2025-08-30 19:07:59,227 - data_crawler - INFO - --- 批次6 - 第27只 / 共50只 ---
2025-08-30 19:07:59,228 - data_crawler - INFO - ETF代码：516640 | 名称：芯片龙头ETF
2025-08-30 19:07:59,293 - data_crawler - INFO - 📅 无新数据需要爬取（上次爬取至2025-09-01）
2025-08-30 19:07:59,293 - data_crawler - INFO - --- 批次6 - 第28只 / 共50只 ---
2025-08-30 19:07:59,294 - data_crawler - INFO - ETF代码：513400 | 名称：道琼斯ETF
2025-08-30 19:07:59,358 - data_crawler - INFO - 📅 无新数据需要爬取（上次爬取至2025-09-01）
2025-08-30 19:07:59,359 - data_crawler - INFO - --- 批次6 - 第29只 / 共50只 ---
2025-08-30 19:07:59,360 - data_crawler - INFO - ETF代码：515010 | 名称：券商ETF基金
2025-08-30 19:07:59,426 - data_crawler - INFO - 📅 无新数据需要爬取（上次爬取至2025-09-01）
2025-08-30 19:07:59,426 - data_crawler - INFO - --- 批次6 - 第30只 / 共50只 ---
2025-08-30 19:07:59,427 - data_crawler - INFO - ETF代码：512720 | 名称：计算机ETF
2025-08-30 19:07:59,492 - data_crawler - INFO - 📅 无新数据需要爬取（上次爬取至2025-09-01）
2025-08-30 19:07:59,492 - data_crawler - INFO - --- 批次6 - 第31只 / 共50只 ---
2025-08-30 19:07:59,493 - data_crawler - INFO - ETF代码：520830 | 名称：沙特ETF
2025-08-30 19:07:59,557 - data_crawler - INFO - 📅 无新数据需要爬取（上次爬取至2025-09-01）
2025-08-30 19:07:59,557 - data_crawler - INFO - --- 批次6 - 第32只 / 共50只 ---
2025-08-30 19:07:59,558 - data_crawler - INFO - ETF代码：159996 | 名称：家电ETF
2025-08-30 19:07:59,622 - data_crawler - INFO - 📅 无新数据需要爬取（上次爬取至2025-09-01）
2025-08-30 19:07:59,623 - data_crawler - INFO - --- 批次6 - 第33只 / 共50只 ---
2025-08-30 19:07:59,624 - data_crawler - INFO - ETF代码：520500 | 名称：恒生创新药ETF
2025-08-30 19:07:59,687 - data_crawler - INFO - 📅 无新数据需要爬取（上次爬取至2025-09-01）
2025-08-30 19:07:59,687 - data_crawler - INFO - --- 批次6 - 第34只 / 共50只 ---
2025-08-30 19:07:59,688 - data_crawler - INFO - ETF代码：159502 | 名称：标普生物科技ETF
2025-08-30 19:07:59,752 - data_crawler - INFO - 📅 无新数据需要爬取（上次爬取至2025-09-01）
2025-08-30 19:07:59,752 - data_crawler - INFO - --- 批次6 - 第35只 / 共50只 ---
2025-08-30 19:07:59,753 - data_crawler - INFO - ETF代码：512080 | 名称：A500ETF中金
2025-08-30 19:07:59,817 - data_crawler - INFO - 📅 无新数据需要爬取（上次爬取至2025-09-01）
2025-08-30 19:07:59,817 - data_crawler - INFO - --- 批次6 - 第36只 / 共50只 ---
2025-08-30 19:07:59,818 - data_crawler - INFO - ETF代码：159745 | 名称：建材ETF
2025-08-30 19:07:59,883 - data_crawler - INFO - 📅 无新数据需要爬取（上次爬取至2025-09-01）
2025-08-30 19:07:59,883 - data_crawler - INFO - --- 批次6 - 第37只 / 共50只 ---
2025-08-30 19:07:59,884 - data_crawler - INFO - ETF代码：588120 | 名称：科创板100ETF
2025-08-30 19:07:59,948 - data_crawler - INFO - 📅 无新数据需要爬取（上次爬取至2025-09-01）
2025-08-30 19:07:59,948 - data_crawler - INFO - --- 批次6 - 第38只 / 共50只 ---
2025-08-30 19:07:59,949 - data_crawler - INFO - ETF代码：159796 | 名称：电池50ETF
2025-08-30 19:08:00,014 - data_crawler - INFO - 📅 无新数据需要爬取（上次爬取至2025-09-01）
2025-08-30 19:08:00,014 - data_crawler - INFO - --- 批次6 - 第39只 / 共50只 ---
2025-08-30 19:08:00,016 - data_crawler - INFO - ETF代码：159980 | 名称：有色ETF
2025-08-30 19:08:00,082 - data_crawler - INFO - 📅 无新数据需要爬取（上次爬取至2025-09-01）
2025-08-30 19:08:00,083 - data_crawler - INFO - --- 批次6 - 第40只 / 共50只 ---
2025-08-30 19:08:00,084 - data_crawler - INFO - ETF代码：159001 | 名称：货币ETF
2025-08-30 19:08:00,151 - data_crawler - INFO - 📅 无新数据需要爬取（上次爬取至2025-09-01）
2025-08-30 19:08:00,151 - data_crawler - INFO - --- 批次6 - 第41只 / 共50只 ---
2025-08-30 19:08:00,152 - data_crawler - INFO - ETF代码：159559 | 名称：机器人50ETF
2025-08-30 19:08:00,215 - data_crawler - INFO - 📅 无新数据需要爬取（上次爬取至2025-09-01）
2025-08-30 19:08:00,215 - data_crawler - INFO - --- 批次6 - 第42只 / 共50只 ---
2025-08-30 19:08:00,217 - data_crawler - INFO - ETF代码：516100 | 名称：金融科技ETF华夏
2025-08-30 19:08:00,281 - data_crawler - INFO - 📅 无新数据需要爬取（上次爬取至2025-09-01）
2025-08-30 19:08:00,281 - data_crawler - INFO - --- 批次6 - 第43只 / 共50只 ---
2025-08-30 19:08:00,282 - data_crawler - INFO - ETF代码：588690 | 名称：N科创指数增强ETF
2025-08-30 19:08:00,345 - data_crawler - INFO - 📅 无新数据需要爬取（上次爬取至2025-09-01）
2025-08-30 19:08:00,345 - data_crawler - INFO - --- 批次6 - 第44只 / 共50只 ---
2025-08-30 19:08:00,346 - data_crawler - INFO - ETF代码：159887 | 名称：银行ETF
2025-08-30 19:08:00,410 - data_crawler - INFO - 📅 无新数据需要爬取（上次爬取至2025-09-01）
2025-08-30 19:08:00,410 - data_crawler - INFO - --- 批次6 - 第45只 / 共50只 ---
2025-08-30 19:08:00,411 - data_crawler - INFO - ETF代码：588330 | 名称：双创龙头ETF
2025-08-30 19:08:00,476 - data_crawler - INFO - 📅 无新数据需要爬取（上次爬取至2025-09-01）
2025-08-30 19:08:00,476 - data_crawler - INFO - --- 批次6 - 第46只 / 共50只 ---
2025-08-30 19:08:00,477 - data_crawler - INFO - ETF代码：159552 | 名称：中证2000增强ETF
2025-08-30 19:08:00,540 - data_crawler - INFO - 📅 无新数据需要爬取（上次爬取至2025-09-01）
2025-08-30 19:08:00,540 - data_crawler - INFO - --- 批次6 - 第47只 / 共50只 ---
2025-08-30 19:08:00,541 - data_crawler - INFO - ETF代码：512810 | 名称：国防军工ETF
2025-08-30 19:08:00,608 - data_crawler - INFO - 📅 无新数据需要爬取（上次爬取至2025-09-01）
2025-08-30 19:08:00,608 - data_crawler - INFO - --- 批次6 - 第48只 / 共50只 ---
2025-08-30 19:08:00,609 - data_crawler - INFO - ETF代码：159840 | 名称：锂电池ETF
2025-08-30 19:08:00,674 - data_crawler - INFO - 📅 无新数据需要爬取（上次爬取至2025-09-01）
2025-08-30 19:08:00,674 - data_crawler - INFO - --- 批次6 - 第49只 / 共50只 ---
2025-08-30 19:08:00,675 - data_crawler - INFO - ETF代码：515710 | 名称：食品ETF
2025-08-30 19:08:00,741 - data_crawler - INFO - 📅 无新数据需要爬取（上次爬取至2025-09-01）
2025-08-30 19:08:00,741 - data_crawler - INFO - --- 批次6 - 第50只 / 共50只 ---
2025-08-30 19:08:00,743 - data_crawler - INFO - ETF代码：159638 | 名称：高端装备ETF
2025-08-30 19:08:00,810 - data_crawler - INFO - 📅 无新数据需要爬取（上次爬取至2025-09-01）
2025-08-30 19:08:00,810 - data_crawler - INFO - 批次6处理完成，休眠10秒后继续...
2025-08-30 19:08:10,820 - data_crawler - INFO - ==============================
2025-08-30 19:08:10,820 - data_crawler - INFO - 正在处理批次 7/7
2025-08-30 19:08:10,821 - data_crawler - INFO - ETF范围：301-322只（共22只）
2025-08-30 19:08:10,821 - data_crawler - INFO - ==============================
2025-08-30 19:08:10,821 - data_crawler - INFO - --- 批次7 - 第1只 / 共22只 ---
2025-08-30 19:08:10,822 - data_crawler - INFO - ETF代码：588230 | 名称：科创200ETF
2025-08-30 19:08:10,885 - data_crawler - INFO - 📅 无新数据需要爬取（上次爬取至2025-09-01）
2025-08-30 19:08:10,885 - data_crawler - INFO - --- 批次7 - 第2只 / 共22只 ---
2025-08-30 19:08:10,887 - data_crawler - INFO - ETF代码：512820 | 名称：银行ETF龙头
2025-08-30 19:08:10,952 - data_crawler - INFO - 📅 无新数据需要爬取（上次爬取至2025-09-01）
2025-08-30 19:08:10,952 - data_crawler - INFO - --- 批次7 - 第3只 / 共22只 ---
2025-08-30 19:08:10,953 - data_crawler - INFO - ETF代码：520840 | 名称：港股通恒生科技ETF
2025-08-30 19:08:11,017 - data_crawler - INFO - 📅 无新数据需要爬取（上次爬取至2025-09-01）
2025-08-30 19:08:11,017 - data_crawler - INFO - --- 批次7 - 第4只 / 共22只 ---
2025-08-30 19:08:11,018 - data_crawler - INFO - ETF代码：159273 | 名称：云计算ETF汇添富
2025-08-30 19:08:11,081 - data_crawler - INFO - 📅 无新数据需要爬取（上次爬取至2025-09-01）
2025-08-30 19:08:11,081 - data_crawler - INFO - --- 批次7 - 第5只 / 共22只 ---
2025-08-30 19:08:11,082 - data_crawler - INFO - ETF代码：516350 | 名称：芯片ETF易方达
2025-08-30 19:08:11,146 - data_crawler - INFO - 📅 无新数据需要爬取（上次爬取至2025-09-01）
2025-08-30 19:08:11,146 - data_crawler - INFO - --- 批次7 - 第6只 / 共22只 ---
2025-08-30 19:08:11,148 - data_crawler - INFO - ETF代码：511850 | 名称：财富宝ETF
2025-08-30 19:08:11,214 - data_crawler - INFO - 📅 无新数据需要爬取（上次爬取至2025-09-01）
2025-08-30 19:08:11,214 - data_crawler - INFO - --- 批次7 - 第7只 / 共22只 ---
2025-08-30 19:08:11,215 - data_crawler - INFO - ETF代码：520550 | 名称：港股红利低波ETF
2025-08-30 19:08:11,278 - data_crawler - INFO - 📅 无新数据需要爬取（上次爬取至2025-09-01）
2025-08-30 19:08:11,278 - data_crawler - INFO - --- 批次7 - 第8只 / 共22只 ---
2025-08-30 19:08:11,280 - data_crawler - INFO - ETF代码：520880 | 名称：港股通创新药ETF
2025-08-30 19:08:11,343 - data_crawler - INFO - 📅 无新数据需要爬取（上次爬取至2025-09-01）
2025-08-30 19:08:11,343 - data_crawler - INFO - --- 批次7 - 第9只 / 共22只 ---
2025-08-30 19:08:11,344 - data_crawler - INFO - ETF代码：159518 | 名称：标普油气ETF
2025-08-30 19:08:11,408 - data_crawler - INFO - 📅 无新数据需要爬取（上次爬取至2025-09-01）
2025-08-30 19:08:11,408 - data_crawler - INFO - --- 批次7 - 第10只 / 共22只 ---
2025-08-30 19:08:11,409 - data_crawler - INFO - ETF代码：561550 | 名称：500增强ETF
2025-08-30 19:08:11,473 - data_crawler - INFO - 📅 无新数据需要爬取（上次爬取至2025-09-01）
2025-08-30 19:08:11,473 - data_crawler - INFO - --- 批次7 - 第11只 / 共22只 ---
2025-08-30 19:08:11,474 - data_crawler - INFO - ETF代码：159807 | 名称：科技ETF
2025-08-30 19:08:11,540 - data_crawler - INFO - 📅 无新数据需要爬取（上次爬取至2025-09-01）
2025-08-30 19:08:11,540 - data_crawler - INFO - --- 批次7 - 第12只 / 共22只 ---
2025-08-30 19:08:11,541 - data_crawler - INFO - ETF代码：159688 | 名称：恒生互联网ETF
2025-08-30 19:08:11,605 - data_crawler - INFO - 📅 无新数据需要爬取（上次爬取至2025-09-01）
2025-08-30 19:08:11,605 - data_crawler - INFO - --- 批次7 - 第13只 / 共22只 ---
2025-08-30 19:08:11,606 - data_crawler - INFO - ETF代码：159806 | 名称：新能源车ETF
2025-08-30 19:08:11,671 - data_crawler - INFO - 📅 无新数据需要爬取（上次爬取至2025-09-01）
2025-08-30 19:08:11,671 - data_crawler - INFO - --- 批次7 - 第14只 / 共22只 ---
2025-08-30 19:08:11,672 - data_crawler - INFO - ETF代码：159699 | 名称：恒生消费ETF
2025-08-30 19:08:11,737 - data_crawler - INFO - 📅 无新数据需要爬取（上次爬取至2025-09-01）
2025-08-30 19:08:11,737 - data_crawler - INFO - --- 批次7 - 第15只 / 共22只 ---
2025-08-30 19:08:11,738 - data_crawler - INFO - ETF代码：159337 | 名称：中证500ETF基金
2025-08-30 19:08:11,801 - data_crawler - INFO - 📅 无新数据需要爬取（上次爬取至2025-09-01）
2025-08-30 19:08:11,801 - data_crawler - INFO - --- 批次7 - 第16只 / 共22只 ---
2025-08-30 19:08:11,802 - data_crawler - INFO - ETF代码：562310 | 名称：沪深300成长ETF
2025-08-30 19:08:11,866 - data_crawler - INFO - 📅 无新数据需要爬取（上次爬取至2025-09-01）
2025-08-30 19:08:11,866 - data_crawler - INFO - --- 批次7 - 第17只 / 共22只 ---
2025-08-30 19:08:11,867 - data_crawler - INFO - ETF代码：159607 | 名称：中概互联网ETF
2025-08-30 19:08:11,932 - data_crawler - INFO - 📅 无新数据需要爬取（上次爬取至2025-09-01）
2025-08-30 19:08:11,932 - data_crawler - INFO - --- 批次7 - 第18只 / 共22只 ---
2025-08-30 19:08:11,934 - data_crawler - INFO - ETF代码：159378 | 名称：通用航空ETF
2025-08-30 19:08:11,996 - data_crawler - INFO - 📅 无新数据需要爬取（上次爬取至2025-09-01）
2025-08-30 19:08:11,997 - data_crawler - INFO - --- 批次7 - 第19只 / 共22只 ---
2025-08-30 19:08:11,998 - data_crawler - INFO - ETF代码：159227 | 名称：航空航天ETF
2025-08-30 19:08:12,061 - data_crawler - INFO - 📅 无新数据需要爬取（上次爬取至2025-09-01）
2025-08-30 19:08:12,061 - data_crawler - INFO - --- 批次7 - 第20只 / 共22只 ---
2025-08-30 19:08:12,062 - data_crawler - INFO - ETF代码：561910 | 名称：电池ETF
2025-08-30 19:08:12,128 - data_crawler - INFO - 📅 无新数据需要爬取（上次爬取至2025-09-01）
2025-08-30 19:08:12,128 - data_crawler - INFO - --- 批次7 - 第21只 / 共22只 ---
2025-08-30 19:08:12,129 - data_crawler - INFO - ETF代码：159981 | 名称：能源化工ETF
2025-08-30 19:08:12,194 - data_crawler - INFO - 📅 无新数据需要爬取（上次爬取至2025-09-01）
2025-08-30 19:08:12,194 - data_crawler - INFO - --- 批次7 - 第22只 / 共22只 ---
2025-08-30 19:08:12,195 - data_crawler - INFO - ETF代码：513700 | 名称：香港医药ETF
2025-08-30 19:08:12,261 - data_crawler - INFO - 📅 无新数据需要爬取（上次爬取至2025-09-01）
2025-08-30 19:08:12,261 - data_crawler - INFO - ===== 所有待爬取ETF处理完毕 =====
2025-08-30 19:08:12,262 - __main__ - INFO - ETF日线数据增量爬取完成
2025-08-30 19:08:13,373 - wechat_push.push - INFO - 微信消息发送成功
2025-08-30 19:08:13,375 - wechat_push.push - INFO - 已发送任务完成通知: crawl_etf_daily - 成功
2025-08-30 19:08:13,375 - __main__ - INFO - ===== 任务执行结束：success =====
{
  "status": "success",
  "task": "crawl_etf_daily",
  "message": "ETF日线数据增量爬取完成",
  "timestamp": "2025-08-30T19:06:50.776212+08:00"
}
