2025-08-29 06:50:33,535 - root - INFO - 创建目录: /home/runner/work/fish-etf/fish-etf/logs
2025-08-29 06:50:33,535 - root - INFO - 日志文件已配置: /home/runner/work/fish-etf/fish-etf/logs/etf_strategy.log
2025-08-29 06:50:33,535 - root - ERROR - 初始化目录失败: type object 'Config' has no attribute 'get_wecom_webhook'
2025-08-29 06:50:33,535 - root - INFO - 配置初始化完成
2025-08-29 06:50:34,939 - root - INFO - 日志文件已配置: /home/runner/work/fish-etf/fish-etf/logs/etf_strategy.log
2025-08-29 06:50:34,939 - root - ERROR - 初始化目录失败: type object 'Config' has no attribute 'get_wecom_webhook'
2025-08-29 06:50:34,939 - data_crawler.etf_list_manager - INFO - ETF列表管理器初始化完成
2025-08-29 06:50:34,941 - data_crawler.akshare_crawler - INFO - AkShare爬虫模块初始化完成
2025-08-29 06:50:34,944 - data_crawler.sina_crawler - INFO - 新浪爬虫模块初始化完成
2025-08-29 06:50:34,958 - root - INFO - 日志文件已配置: /home/runner/work/fish-etf/fish-etf/logs/etf_strategy.log
2025-08-29 06:50:34,958 - root - ERROR - 初始化目录失败: type object 'Config' has no attribute 'get_wecom_webhook'
2025-08-29 06:50:34,958 - data_crawler - INFO - 开始更新ETF列表
2025-08-29 06:50:34,958 - root - INFO - 日志文件已配置: /home/runner/work/fish-etf/fish-etf/logs/etf_strategy.log
2025-08-29 06:50:34,959 - root - ERROR - 初始化目录失败: type object 'Config' has no attribute 'get_wecom_webhook'
2025-08-29 06:50:34,959 - data_crawler.etf_list_manager - INFO - ℹ️ 无需更新，加载本地ETF列表
2025-08-29 06:50:34,962 - data_crawler - INFO - ETF列表更新成功，共9只ETF
2025-08-29 06:50:34,962 - data_crawler - INFO - 数据爬取模块初始化完成
2025-08-29 06:50:34,972 - strategy.arbitrage - INFO - 套利策略模块初始化完成
2025-08-29 06:50:34,976 - strategy.position - INFO - 仓位管理模块初始化完成
2025-08-29 06:50:34,976 - root - INFO - 日志文件已配置: /home/runner/work/fish-etf/fish-etf/logs/etf_strategy.log
2025-08-29 06:50:34,976 - root - ERROR - 初始化目录失败: type object 'Config' has no attribute 'get_wecom_webhook'
2025-08-29 06:50:34,976 - strategy - INFO - 策略模块初始化完成
2025-08-29 06:50:34,978 - wechat_push.push - INFO - 微信推送模块初始化完成
2025-08-29 06:50:34,978 - root - INFO - 日志文件已配置: /home/runner/work/fish-etf/fish-etf/logs/etf_strategy.log
2025-08-29 06:50:34,978 - __main__ - INFO - ===== 开始执行任务：calculate_position =====
2025-08-29 06:50:34,979 - __main__ - INFO - 当前时间：2025-08-29 14:50:34（北京时间）
2025-08-29 06:50:34,979 - __main__ - INFO - 环境设置完成
2025-08-29 06:50:34,979 - __main__ - INFO - 开始计算仓位策略
2025-08-29 06:50:34,979 - strategy.position - INFO - ==================================================
2025-08-29 06:50:34,979 - strategy.position - INFO - 开始计算ETF仓位操作策略
2025-08-29 06:50:34,979 - strategy.position - INFO - ==================================================
2025-08-29 06:50:34,979 - root - INFO - 日志文件已配置: /home/runner/work/fish-etf/fish-etf/logs/etf_strategy.log
2025-08-29 06:50:34,979 - root - ERROR - 初始化目录失败: type object 'Config' has no attribute 'get_wecom_webhook'
2025-08-29 06:50:34,981 - strategy.position - INFO - 仓位记录加载成功，共2条记录
2025-08-29 06:50:34,981 - root - INFO - 日志文件已配置: /home/runner/work/fish-etf/fish-etf/logs/etf_strategy.log
2025-08-29 06:50:34,981 - root - ERROR - 初始化目录失败: type object 'Config' has no attribute 'get_wecom_webhook'
2025-08-29 06:50:34,983 - strategy.position - INFO - 交易记录加载成功，共0条记录
2025-08-29 06:50:34,983 - utils.file_utils - ERROR - 读取JSON文件失败 /home/runner/work/fish-etf/fish-etf/data/etf_metadata.csv: Expecting value: line 1 column 1 (char 0)
2025-08-29 06:50:34,983 - utils.file_utils - WARNING - ETF元数据文件读取失败: /home/runner/work/fish-etf/fish-etf/data/etf_metadata.csv
2025-08-29 06:50:34,983 - strategy.etf_scoring - ERROR - 获取高分ETF列表时发生错误: 'dict' object has no attribute 'empty'
2025-08-29 06:50:34,984 - strategy.position - WARNING - 无有效ETF评分数据，无法计算仓位策略
2025-08-29 06:50:34,984 - wechat_push.push - ERROR - 发送微信消息时发生未预期错误: type object 'Config' has no attribute 'WECOM_WEBHOOK'
2025-08-29 06:50:34,984 - __main__ - ERROR - 仓位策略推送失败
2025-08-29 06:50:34,984 - __main__ - INFO - ===== 任务执行结束：failed =====
AkShare版本: 1.17.42
['amac_fund_abs', 'amac_fund_account_info', 'amac_fund_info', 'amac_fund_sub_info', 'amac_person_fund_org_list', 'fund', 'fund_announcement_personnel_em', 'fund_aum_em', 'fund_aum_hist_em', 'fund_aum_trend_em', 'fund_balance_position_lg', 'fund_cf_em', 'fund_etf_category_sina', 'fund_etf_dividend_sina', 'fund_etf_fund_daily_em', 'fund_etf_fund_info_em', 'fund_etf_hist_em', 'fund_etf_hist_min_em', 'fund_etf_hist_sina', 'fund_etf_spot_em', 'fund_etf_spot_ths', 'fund_exchange_rank_em', 'fund_fee_em', 'fund_fh_em', 'fund_fh_rank_em', 'fund_financial_fund_daily_em', 'fund_financial_fund_info_em', 'fund_graded_fund_daily_em', 'fund_graded_fund_info_em', 'fund_hk_fund_hist_em', 'fund_hk_rank_em', 'fund_hold_structure_em', 'fund_individual_achievement_xq', 'fund_individual_analysis_xq', 'fund_individual_basic_info_xq', 'fund_individual_detail_hold_xq', 'fund_individual_detail_info_xq', 'fund_individual_profit_probability_xq', 'fund_info_index_em', 'fund_lcx_rank_em', 'fund_linghuo_position_lg', 'fund_lof_hist_em', 'fund_lof_hist_min_em', 'fund_lof_spot_em', 'fund_manager_em', 'fund_money_fund_daily_em', 'fund_money_fund_info_em', 'fund_money_rank_em', 'fund_name_em', 'fund_new_found_em', 'fund_open_fund_daily_em', 'fund_open_fund_info_em', 'fund_open_fund_rank_em', 'fund_portfolio_bond_hold_em', 'fund_portfolio_change_em', 'fund_portfolio_hold_em', 'fund_portfolio_industry_allocation_em', 'fund_purchase_em', 'fund_rating_all', 'fund_rating_ja', 'fund_rating_sh', 'fund_rating_zs', 'fund_report_asset_allocation_cninfo', 'fund_report_industry_allocation_cninfo', 'fund_report_stock_cninfo', 'fund_scale_change_em', 'fund_scale_close_sina', 'fund_scale_open_sina', 'fund_scale_structured_sina', 'fund_stock_position_lg', 'fund_value_estimation_em', 'get_qhkc_fund_bs', 'get_qhkc_fund_money_change', 'get_qhkc_fund_position', 'index_hist_fund_sw', 'index_option_100etf_min_qvix', 'index_option_100etf_qvix', 'index_option_300etf_min_qvix', 'index_option_300etf_qvix', 'index_option_500etf_min_qvix', 'index_option_500etf_qvix', 'index_option_50etf_min_qvix', 'index_option_50etf_qvix', 'index_realtime_fund_sw', 'stock_concept_fund_flow_hist', 'stock_fund_flow_big_deal', 'stock_fund_flow_concept', 'stock_fund_flow_individual', 'stock_fund_flow_industry', 'stock_fund_stock_holder', 'stock_fundamental', 'stock_hsgt_fund_flow_summary_em', 'stock_hsgt_fund_min_em', 'stock_individual_fund_flow', 'stock_individual_fund_flow_rank', 'stock_individual_fund_flow_rank_async', 'stock_main_fund_flow', 'stock_market_fund_flow', 'stock_report_fund_hold', 'stock_report_fund_hold_detail', 'stock_sector_fund_flow_hist', 'stock_sector_fund_flow_rank', 'stock_sector_fund_flow_summary']
{
  "status": "failed",
  "task": "calculate_position",
  "message": "仓位策略推送失败"
}
