2025-08-29 03:36:27,005 - root - INFO - 创建目录: /home/runner/work/fish-etf/fish-etf/logs
2025-08-29 03:36:27,005 - root - INFO - 日志文件已配置: /home/runner/work/fish-etf/fish-etf/logs/etf_strategy.log
2025-08-29 03:36:27,005 - root - ERROR - 初始化目录失败: type object 'Config' has no attribute 'get_wecom_webhook'
2025-08-29 03:36:27,005 - root - INFO - 配置初始化完成
2025-08-29 03:36:28,243 - root - INFO - 日志文件已配置: /home/runner/work/fish-etf/fish-etf/logs/etf_strategy.log
2025-08-29 03:36:28,243 - root - ERROR - 初始化目录失败: type object 'Config' has no attribute 'get_wecom_webhook'
2025-08-29 03:36:28,244 - data_crawler.etf_list_manager - INFO - ETF列表管理器初始化完成
2025-08-29 03:36:28,246 - data_crawler.akshare_crawler - INFO - AkShare爬虫模块初始化完成
2025-08-29 03:36:28,248 - data_crawler.sina_crawler - INFO - 新浪爬虫模块初始化完成
2025-08-29 03:36:28,262 - root - INFO - 日志文件已配置: /home/runner/work/fish-etf/fish-etf/logs/etf_strategy.log
2025-08-29 03:36:28,262 - root - ERROR - 初始化目录失败: type object 'Config' has no attribute 'get_wecom_webhook'
2025-08-29 03:36:28,262 - data_crawler - INFO - 开始更新ETF列表
2025-08-29 03:36:28,262 - root - INFO - 日志文件已配置: /home/runner/work/fish-etf/fish-etf/logs/etf_strategy.log
2025-08-29 03:36:28,263 - root - ERROR - 初始化目录失败: type object 'Config' has no attribute 'get_wecom_webhook'
2025-08-29 03:36:28,263 - data_crawler.etf_list_manager - INFO - ℹ️ 无需更新，加载本地ETF列表
2025-08-29 03:36:28,266 - data_crawler - INFO - ETF列表更新成功，共9只ETF
2025-08-29 03:36:28,266 - data_crawler - INFO - 数据爬取模块初始化完成
2025-08-29 03:36:28,276 - strategy.arbitrage - INFO - 套利策略模块初始化完成
2025-08-29 03:36:28,280 - strategy.position - INFO - 仓位管理模块初始化完成
2025-08-29 03:36:28,280 - root - INFO - 日志文件已配置: /home/runner/work/fish-etf/fish-etf/logs/etf_strategy.log
2025-08-29 03:36:28,280 - root - ERROR - 初始化目录失败: type object 'Config' has no attribute 'get_wecom_webhook'
2025-08-29 03:36:28,280 - strategy - INFO - 策略模块初始化完成
2025-08-29 03:36:28,282 - wechat_push.push - INFO - 微信推送模块初始化完成
2025-08-29 03:36:28,283 - root - INFO - 日志文件已配置: /home/runner/work/fish-etf/fish-etf/logs/etf_strategy.log
2025-08-29 03:36:28,283 - __main__ - INFO - ===== 开始执行任务：calculate_arbitrage =====
2025-08-29 03:36:28,283 - __main__ - INFO - 当前时间：2025-08-29 11:36:28（北京时间）
2025-08-29 03:36:28,283 - __main__ - INFO - 环境设置完成
2025-08-29 03:36:28,283 - __main__ - INFO - 开始计算套利机会
2025-08-29 03:36:28,283 - strategy.arbitrage - INFO - ==================================================
2025-08-29 03:36:28,283 - strategy.arbitrage - INFO - 开始计算ETF套利机会
2025-08-29 03:36:28,283 - strategy.arbitrage - INFO - ==================================================
2025-08-29 03:36:28,283 - utils.file_utils - ERROR - 读取JSON文件失败 /home/runner/work/fish-etf/fish-etf/data/etf_metadata.csv: Expecting value: line 1 column 1 (char 0)
2025-08-29 03:36:28,284 - utils.file_utils - WARNING - ETF元数据文件读取失败: /home/runner/work/fish-etf/fish-etf/data/etf_metadata.csv
2025-08-29 03:36:28,284 - strategy.etf_scoring - ERROR - 获取高分ETF列表时发生错误: 'dict' object has no attribute 'empty'
2025-08-29 03:36:28,284 - strategy.arbitrage - WARNING - 无足够高分ETF用于计算套利机会
2025-08-29 03:36:28,284 - wechat_push.push - ERROR - 发送微信消息时发生未预期错误: type object 'Config' has no attribute 'WECOM_WEBHOOK'
2025-08-29 03:36:28,285 - __main__ - ERROR - 套利策略推送失败
2025-08-29 03:36:28,285 - __main__ - INFO - ===== 任务执行结束：failed =====
{
  "status": "failed",
  "task": "calculate_arbitrage",
  "message": "套利策略推送失败"
}
